(---------------------------------------------------------------------)
(                                                                     )
(    NC DRILL Log                                                     )
(                                                                     )
(    Drawing          : #Taaaaab01084.tmp                             )
(    Software Version : 16.6P004                                      )
(    Date/Time        : Mon Jan 11 08:28:38 2016                      )
(                                                                     )
(---------------------------------------------------------------------)



 Processing NC Parameters file 'nc_param.txt' ...

 NC PARAMETERS
 -------------

 FORMAT   		2.5
 MACHINE-OFFSET		x:0.000000	y:0.000000
 FEEDRATE		1
 COORDINATES		ABSOLUTE
 OUTPUT-UNITS		ENGLISH
 TOOL-ORDER		INCREASING
 REPEAT-CODES		YES
 SUPPRESS-LEAD-ZEROES	NO
 SUPPRESS-TRAIL-ZEROES	NO
 SUPPRESS-EQUAL		NO
 TOOL-SELECT		NO
 HEADER			none
 LEADER			12
 CODE			ASCII
 SEPARATE		NO
 SEPARATE-ROUTING	NO
 OPTIMIZE_DRILLING	NO
 ENHANCED_EXCELLON	NO
 SCALE			1.000000

 WARNING(SPMHMF-360): Design precision is greater than that of the drill output file data.
 WARNING(SPMHMF-361): Data rounding errors are very possible.


 Drill files being output to directory 'E:/projects/ET4207/ET4207_demoboard' ...



     'ET4207DeMO-1-2.drl' created for holes connecting TOP and BOTTOM
     ----------------------------------------------------------------

           Num     Size      +/- Tolerance     Plating   Quantity

            1.  16.0000    0.0000/  0.0000      PLATED         22
            2.  38.0000    3.0000/  3.0000      PLATED          2
            3.  40.0000    0.0000/  0.0000      PLATED          6
            4.  45.0000    0.0000/  0.0000      PLATED          2

     ---- Total holes:                                         32

     ---- Total head travel:              0.91 feet (0.28 meters)

