(---------------------------------------------------------------------)
(                                                                     )
(    Allegro Netrev Import Logic                                      )
(                                                                     )
(    Drawing          : ET4207DeMO.brd                                )
(    Software Version : 16.6P004                                      )
(    Date/Time        : Fri Jan 08 13:57:50 2016                      )
(                                                                     )
(---------------------------------------------------------------------)


------ Directives ------

RIPUP_ETCH FALSE;
RIPUP_DELETE_FIRST_SEGMENT FALSE;
RIPUP_RETAIN_BONDWIRE FALSE;
RIPUP_SYMBOLS ALWAYS;
Missing symbol has error FALSE;
SCHEMATIC_DIRECTORY 'E:/projects/ET4207/ET4207_demoboard/allegro';
BOARD_DIRECTORY '';
OLD_BOARD_NAME 'E:/projects/ET4207/ET4207_demoboard/ET4207DeMO.brd';
NEW_BOARD_NAME 'E:/projects/ET4207/ET4207_demoboard/ET4207DeMO.brd';

CmdLine: netrev -$ -i E:/projects/ET4207/ET4207_demoboard/allegro -y 1 E:/projects/ET4207/ET4207_demoboard/#Taaaaah09608.tmp

------ Preparing to read pst files ------

Starting to read E:/projects/ET4207/ET4207_demoboard/allegro/pstchip.dat 
   Finished reading E:/projects/ET4207/ET4207_demoboard/allegro/pstchip.dat (00:00:00.03)
Starting to read E:/projects/ET4207/ET4207_demoboard/allegro/pstxprt.dat 
   Finished reading E:/projects/ET4207/ET4207_demoboard/allegro/pstxprt.dat (00:00:00.00)
Starting to read E:/projects/ET4207/ET4207_demoboard/allegro/pstxnet.dat 
   Finished reading E:/projects/ET4207/ET4207_demoboard/allegro/pstxnet.dat (00:00:00.00)

------ Oversights/Warnings/Errors ------


------ Library Paths ------
MODULEPATH =  . 
           C:/Cadence/SPB_16.6/share/local/pcb/modules 

PSMPATH =  . 
           symbols 
           .. 
           ../symbols 
           C:/Cadence/SPB_16.6/share/local/pcb/symbols 
           C:/Cadence/SPB_16.6/share/pcb/pcb_lib/symbols 
           C:/Cadence/SPB_16.6/share/pcb/allegrolib/symbols 
           E:\Allegro\SYMBOLS\ 
           E:\Allegro\THIRD\ 
           E:\Allegro\USER\ 
           E:\Allegro\SHARP\ 

PADPATH =  . 
           symbols 
           .. 
           ../symbols 
           C:/Cadence/SPB_16.6/share/local/pcb/padstacks 
           C:/Cadence/SPB_16.6/share/pcb/pcb_lib/symbols 
           C:/Cadence/SPB_16.6/share/pcb/allegrolib/symbols 
           E:\Allegro\PADS\ 
           E:\ALLEGRO\USER\ 
           E:\Allegro\THIRD\ 


------ Summary Statistics ------


netrev run on Jan 8 13:57:50 2016
   DESIGN NAME : 'ET4207_DEMO'
   PACKAGING ON Sep 10 2012 04:46:09

   COMPILE 'logic'
   CHECK_PIN_NAMES OFF
   CROSS_REFERENCE OFF
   FEEDBACK OFF
   INCREMENTAL OFF
   INTERFACE_TYPE PHYSICAL
   MAX_ERRORS 500
   MERGE_MINIMUM 5
   NET_NAME_CHARS '#%&()*+-./:=>?@[]^_`|'
   NET_NAME_LENGTH 24
   OVERSIGHTS ON
   REPLACE_CHECK OFF
   SINGLE_NODE_NETS ON
   SPLIT_MINIMUM 0
   SUPPRESS   20
   WARNINGS ON

 No error detected
 No oversight detected
 No warning detected

cpu time      0:00:46
elapsed time  0:00:01

