(---------------------------------------------------------------------)
(                                                                     )
(    ARTWORK LOG                                                      )
(                                                                     )
(    Drawing          : ET4207DeMO.brd                                )
(    Software Version : 16.6P004                                      )
(    Date/Time        : Mon Jan 11 08:28:48 2016                      )
(                                                                     )
(---------------------------------------------------------------------)


 ---- Photoplot outline rectangle not found ... using drawing extents




 Can't open parameter file ... using default values:
     DEVICE-TYPE        GERBER6X00
     G-CODES            NO
     STATIONS-PER-WHEEL 24
     FILM-SIZE          24000 16000
     COORDINATES        ABSOLUTE
     OUTPUT-UNITS       INCHES
     FORMAT             5.3
     ABORT-ON-ERROR     abort film & continue
     SUPPRESS-LEAD-ZEROES     YES
     SUPPRESS-TRAIL-ZEROES    NO
     OPTIMIZE           YES
     SUPPRESS-EQUAL     YES
     SCALE              1.0




================================================================
     PROCESSING FILM < TOP >
     TO FILE < E:/projects/ET4207/ET4207_demoboard/TOP.art > ...
================================================================

  FILM PARAMETERS :
  ---------------------------------------------------------
  Undefined line width                6.000
  Mirror code                         NONE
  Rotate angle                        NONE
  Offset x:                           0.000
  Offset y:                           0.000
  Plot negative                       NO
  Suppress unconnected internal pads  NO
  Draw holes only                     NO



  APERTURES USED:
  ---------------------------------------------------------
  TYPE       SIZE/NAME                   ROT   MIRROR MODE 
  ---------------------------------------------------------
  CIRCLE     0.00800                                  DARK 
  CIRCLE     0.01000                                  DARK 
  CIRCLE     0.01200                                  DARK 
  CIRCLE     0.02000                                  DARK 
  CIRCLE     0.03000                                  DARK 
  CIRCLE     0.03200                                  DARK 
  CIRCLE     0.05800                                  DARK 
  CIRCLE     0.06000                                  DARK 
  CIRCLE     0.07500                                  DARK 
  SQUARE     0.05800                     0.000 NO     DARK 
  SQUARE     0.06000                     0.000 NO     DARK 
  RECTANGLE  0.03100     x 0.03500      90.000 NO     DARK 
  RECTANGLE  0.04000     x 0.05000       0.000 NO     DARK 
  RECTANGLE  0.04000     x 0.05000      90.000 NO     DARK 
  RECTANGLE  0.06800     x 0.09000      90.000 NO     DARK 
  RECTANGLE  0.07677     x 0.04331       0.000 NO     DARK 
  RECTANGLE  0.09449     x 0.06693       0.000 NO     DARK 
  OBLONG     0.00945     x 0.06299       0.000 NO     DARK 

     TOP created with warnings


================================================================
     PROCESSING FILM < BOTTOM >
     TO FILE < E:/projects/ET4207/ET4207_demoboard/BOTTOM.art > ...
================================================================

  FILM PARAMETERS :
  ---------------------------------------------------------
  Undefined line width                6.000
  Mirror code                         NONE
  Rotate angle                        NONE
  Offset x:                           0.000
  Offset y:                           0.000
  Plot negative                       NO
  Suppress unconnected internal pads  NO
  Draw holes only                     NO



  APERTURES USED:
  ---------------------------------------------------------
  TYPE       SIZE/NAME                   ROT   MIRROR MODE 
  ---------------------------------------------------------
  CIRCLE     0.00800                                  DARK 
  CIRCLE     0.01000                                  DARK 
  CIRCLE     0.02000                                  DARK 
  CIRCLE     0.03200                                  DARK 
  CIRCLE     0.05800                                  DARK 
  CIRCLE     0.06000                                  DARK 
  CIRCLE     0.07500                                  DARK 
  SQUARE     0.05800                     0.000 NO     DARK 
  SQUARE     0.06000                     0.000 NO     DARK 

     BOTTOM created with warnings


================================================================
     PROCESSING FILM < PASTEMASK_BOTTOM >
     TO FILE < E:/projects/ET4207/ET4207_demoboard/PASTEMASK_BOTTOM.art > ...
================================================================

  FILM PARAMETERS :
  ---------------------------------------------------------
  Undefined line width                6.000
  Mirror code                         NONE
  Rotate angle                        NONE
  Offset x:                           0.000
  Offset y:                           0.000
  Plot negative                       NO
  Suppress unconnected internal pads  NO
  Draw holes only                     NO



  APERTURES USED:
  ---------------------------------------------------------
  TYPE       SIZE/NAME                   ROT   MIRROR MODE 
  ---------------------------------------------------------
  CIRCLE     0.01000                                  DARK 
  CIRCLE     0.06000                                  DARK 
  SQUARE     0.06000                     0.000 NO     DARK 

     PASTEMASK_BOTTOM created with warnings


================================================================
     PROCESSING FILM < PASTEMASK_TOP >
     TO FILE < E:/projects/ET4207/ET4207_demoboard/PASTEMASK_TOP.art > ...
================================================================

  FILM PARAMETERS :
  ---------------------------------------------------------
  Undefined line width                6.000
  Mirror code                         NONE
  Rotate angle                        NONE
  Offset x:                           0.000
  Offset y:                           0.000
  Plot negative                       NO
  Suppress unconnected internal pads  NO
  Draw holes only                     NO



  APERTURES USED:
  ---------------------------------------------------------
  TYPE       SIZE/NAME                   ROT   MIRROR MODE 
  ---------------------------------------------------------
  CIRCLE     0.01000                                  DARK 
  CIRCLE     0.06000                                  DARK 
  SQUARE     0.06000                     0.000 NO     DARK 
  RECTANGLE  0.03100     x 0.03500      90.000 NO     DARK 
  RECTANGLE  0.04000     x 0.05000       0.000 NO     DARK 
  RECTANGLE  0.04000     x 0.05000      90.000 NO     DARK 
  RECTANGLE  0.06800     x 0.09000      90.000 NO     DARK 
  RECTANGLE  0.07677     x 0.04331       0.000 NO     DARK 
  RECTANGLE  0.09449     x 0.06693       0.000 NO     DARK 
  OBLONG     0.00945     x 0.03150       0.000 NO     DARK 

     PASTEMASK_TOP created with warnings


================================================================
     PROCESSING FILM < OUTLINE >
     TO FILE < E:/projects/ET4207/ET4207_demoboard/OUTLINE.art > ...
================================================================

  FILM PARAMETERS :
  ---------------------------------------------------------
  Undefined line width                6.000
  Mirror code                         NONE
  Rotate angle                        NONE
  Offset x:                           0.000
  Offset y:                           0.000
  Plot negative                       NO
  Suppress unconnected internal pads  NO
  Draw holes only                     NO



  APERTURES USED:
  ---------------------------------------------------------
  TYPE       SIZE/NAME                   ROT   MIRROR MODE 
  ---------------------------------------------------------
  CIRCLE     0.01000                                  DARK 

     OUTLINE created with warnings


================================================================
     PROCESSING FILM < DRILL_DRAWING >
     TO FILE < E:/projects/ET4207/ET4207_demoboard/DRILL_DRAWING.art > ...
================================================================

  FILM PARAMETERS :
  ---------------------------------------------------------
  Undefined line width                6.000
  Mirror code                         NONE
  Rotate angle                        NONE
  Offset x:                           0.000
  Offset y:                           0.000
  Plot negative                       NO
  Suppress unconnected internal pads  NO
  Draw holes only                     NO



  APERTURES USED:
  ---------------------------------------------------------
  TYPE       SIZE/NAME                   ROT   MIRROR MODE 
  ---------------------------------------------------------
  CIRCLE     0.01000                                  DARK 

     DRILL_DRAWING created with warnings


================================================================
     PROCESSING FILM < SILKSCREEN_BOTTOM >
     TO FILE < E:/projects/ET4207/ET4207_demoboard/SILKSCREEN_BOTTOM.art > ...
================================================================

  FILM PARAMETERS :
  ---------------------------------------------------------
  Undefined line width                6.000
  Mirror code                         NONE
  Rotate angle                        NONE
  Offset x:                           0.000
  Offset y:                           0.000
  Plot negative                       NO
  Suppress unconnected internal pads  NO
  Draw holes only                     NO



  APERTURES USED:
  ---------------------------------------------------------
  TYPE       SIZE/NAME                   ROT   MIRROR MODE 
  ---------------------------------------------------------
  CIRCLE     0.01000                                  DARK 

     SILKSCREEN_BOTTOM created with warnings


================================================================
     PROCESSING FILM < SILKSCREEN_TOP >
     TO FILE < E:/projects/ET4207/ET4207_demoboard/SILKSCREEN_TOP.art > ...
================================================================

  FILM PARAMETERS :
  ---------------------------------------------------------
  Undefined line width                6.000
  Mirror code                         NONE
  Rotate angle                        NONE
  Offset x:                           0.000
  Offset y:                           0.000
  Plot negative                       NO
  Suppress unconnected internal pads  NO
  Draw holes only                     NO



  APERTURES USED:
  ---------------------------------------------------------
  TYPE       SIZE/NAME                   ROT   MIRROR MODE 
  ---------------------------------------------------------
  CIRCLE     0.00300                                  DARK 
  CIRCLE     0.00394                                  DARK 
  CIRCLE     0.00500                                  DARK 
  CIRCLE     0.00590                                  DARK 
  CIRCLE     0.00600                                  DARK 
  CIRCLE     0.00700                                  DARK 
  CIRCLE     0.00787                                  DARK 
  CIRCLE     0.00800                                  DARK 
  CIRCLE     0.00984                                  DARK 
  CIRCLE     0.01000                                  DARK 

     SILKSCREEN_TOP created with warnings


================================================================
     PROCESSING FILM < SOLDERMASK_BOTTOM >
     TO FILE < E:/projects/ET4207/ET4207_demoboard/SOLDERMASK_BOTTOM.art > ...
================================================================

  FILM PARAMETERS :
  ---------------------------------------------------------
  Undefined line width                6.000
  Mirror code                         NONE
  Rotate angle                        NONE
  Offset x:                           0.000
  Offset y:                           0.000
  Plot negative                       NO
  Suppress unconnected internal pads  NO
  Draw holes only                     NO



  APERTURES USED:
  ---------------------------------------------------------
  TYPE       SIZE/NAME                   ROT   MIRROR MODE 
  ---------------------------------------------------------
  CIRCLE     0.01000                                  DARK 
  CIRCLE     0.05800                                  DARK 
  CIRCLE     0.06600                                  DARK 
  CIRCLE     0.09500                                  DARK 
  SQUARE     0.05800                     0.000 NO     DARK 
  SQUARE     0.06600                     0.000 NO     DARK 

     SOLDERMASK_BOTTOM created with warnings


================================================================
     PROCESSING FILM < SOLDERMASK_TOP >
     TO FILE < E:/projects/ET4207/ET4207_demoboard/SOLDERMASK_TOP.art > ...
================================================================

  FILM PARAMETERS :
  ---------------------------------------------------------
  Undefined line width                6.000
  Mirror code                         NONE
  Rotate angle                        NONE
  Offset x:                           0.000
  Offset y:                           0.000
  Plot negative                       NO
  Suppress unconnected internal pads  NO
  Draw holes only                     NO



  APERTURES USED:
  ---------------------------------------------------------
  TYPE       SIZE/NAME                   ROT   MIRROR MODE 
  ---------------------------------------------------------
  CIRCLE     0.01000                                  DARK 
  CIRCLE     0.05800                                  DARK 
  CIRCLE     0.06800                                  DARK 
  CIRCLE     0.09500                                  DARK 
  SQUARE     0.05800                     0.000 NO     DARK 
  SQUARE     0.06800                     0.000 NO     DARK 
  RECTANGLE  0.03100     x 0.03500      90.000 NO     DARK 
  RECTANGLE  0.04600     x 0.05600       0.000 NO     DARK 
  RECTANGLE  0.04600     x 0.05600      90.000 NO     DARK 
  RECTANGLE  0.07600     x 0.09800      90.000 NO     DARK 
  RECTANGLE  0.07677     x 0.04331       0.000 NO     DARK 
  RECTANGLE  0.09449     x 0.06693       0.000 NO     DARK 
  OBLONG     0.00945     x 0.03150       0.000 NO     DARK 

     SOLDERMASK_TOP created with warnings


------------------------------------------------------
 SUMMARY:
        TOP created with warnings
        BOTTOM created with warnings
        PASTEMASK_BOTTOM created with warnings
        PASTEMASK_TOP created with warnings
        OUTLINE created with warnings
        DRILL_DRAWING created with warnings
        SILKSCREEN_BOTTOM created with warnings
        SILKSCREEN_TOP created with warnings
        SOLDERMASK_BOTTOM created with warnings
        SOLDERMASK_TOP created with warnings

 ARTWORK had warnings
