===============ETEK ASSEMBLER V1.1,  WRITTEN BY XIEKJ. 2010===================
LINE  ADDR    CODE       FLAG  INSTRUCTION
------------------------------------------------------------------------------
0001                       S    ;===================================
0002                       S    ; ET4207 PROGRAM
0003                       S    ;===================================
0004                       S    ; JIANGS
0005                       S    ; 2016.1.5
0006                       S    ; ÊÖ»úÒ£¿ØÆ÷
0007                       S    ;===================================
0008                       S    INCLUDE ET4007.INC
0009                       S    INCLUDE MAIN.INC
0010                       S    
0011                       S    ORG	00H
0012                       S    START:
0013  0000    0000         S    		NOP
0014  0001    A4E5         S    		GOTO	MAIN
0015                       S    ORG	06H
0016  0006    A4C2         S    		GOTO 	INTERRUPT_06H
0017                       S    ORG 0CH
0018  000C    A483         S    		GOTO	INTERRUPT_0CH
0019                       S    ORG	012H
0020  0012    A4C0         S    		GOTO	INTERRUPT_EXT
0021                       S    
0022                       S    INCLUDE DELAY.ASM
 M    0013    8017         S    CALL      0017H
 M    0014    8017         S    CALL      0017H
 M    0015    8017         S    CALL      0017H
 M    0016    0003         S    RETURN
 M    0017    801B         S    CALL      001BH
 M    0018    801B         S    CALL      001BH
 M    0019    801B         S    CALL      001BH
 M    001A    801B         S    CALL      001BH
 M    001B    8033         S    CALL      0033H
 M    001C    8033         S    CALL      0033H
 M    001D    8033         S    CALL      0033H
 M    001E    8033         S    CALL      0033H
 M    001F    8033         S    CALL      0033H
 M    0020    8033         S    CALL      0033H
 M    0021    8033         S    CALL      0033H
 M    0022    8033         S    CALL      0033H
 M    0023    8033         S    CALL      0033H
 M    0024    8033         S    CALL      0033H
 M    0025    8033         S    CALL      0033H
 M    0026    8033         S    CALL      0033H
 M    0027    8033         S    CALL      0033H
 M    0028    8033         S    CALL      0033H
 M    0029    8033         S    CALL      0033H
 M    002A    8033         S    CALL      0033H
 M    002B    8033         S    CALL      0033H
 M    002C    8033         S    CALL      0033H
 M    002D    8033         S    CALL      0033H
 M    002E    8034         S    CALL      0034H
 M    002F    A040         S    GOTO      0040H
 M    0030    803E         S    CALL      003EH
 M    0031    803E         S    CALL      003EH
 M    0032    803E         S    CALL      003EH
 M    0033    803E         S    CALL      003EH
 M    0034    803E         S    CALL      003EH
 M    0035    803E         S    CALL      003EH
 M    0036    803E         S    CALL      003EH
 M    0037    803E         S    CALL      003EH
 M    0038    803E         S    CALL      003EH
 M    0039    803E         S    CALL      003EH
 M    003A    803E         S    CALL      003EH
 M    003B    803E         S    CALL      003EH
 M    003C    A040         S    GOTO      0040H
 M    003D    0000         S    NOP
 M    003E    0000         S    NOP
 M    003F    0000         S    NOP
 M    0040    0000         S    NOP
 M    0041    0000         S    NOP
 M    0042    0000         S    NOP
 M    0043    0000         S    NOP
 M    0044    0000         S    NOP
 M    0045    0000         S    NOP
 M    0046    0000         S    NOP
 M    0047    0000         S    NOP
 M    0048    0000         S    NOP
 M    0049    0000         S    NOP
 M    004A    0000         S    NOP
 M    004B    0000         S    NOP
 M    004C    0000         S    NOP
 M    004D    0000         S    NOP
 M    004E    0000         S    NOP
 M    004F    0000         S    NOP
 M    0050    0000         S    NOP
 M    0051    0000         S    NOP
 M    0052    0000         S    NOP
 M    0053    0000         S    NOP
 M    0054    0000         S    NOP
 M    0055    0000         S    NOP
 M    0056    0000         S    NOP
 M    0057    0000         S    NOP
 M    0058    0000         S    NOP
 M    0059    0000         S    NOP
 M    005A    0000         S    NOP
 M    005B    0000         S    NOP
 M    005C    0000         S    NOP
 M    005D    0000         S    NOP
 M    005E    0000         S    NOP
 M    005F    0000         S    NOP
 M    0060    0000         S    NOP
 M    0061    0000         S    NOP
 M    0062    0000         S    NOP
 M    0063    0000         S    NOP
 M    0064    0000         S    NOP
 M    0065    0000         S    NOP
 M    0066    0000         S    NOP
 M    0067    0000         S    NOP
 M    0068    0000         S    NOP
 M    0069    0000         S    NOP
 M    006A    0000         S    NOP
 M    006B    0000         S    NOP
 M    006C    0003         S    RETURN
0023                       S    INCLUDE	LEARN_RMT.ASM
 M    006D    4102         S    SETDP     0002H
 M    006E    0221         S    CLRF      0021H
 M    006F    0222         S    CLRF      0022H
 M    0070    C814         S    BCF       0014H  0004H
 M    0071    4050         S    MOVLW     0050H
 M    0072    2232         S    MOVWF     0032H
 M    0073    4000         S    MOVLW     0100H
 M    0074    2233         S    MOVWF     0033H
 M    0075    40C0         S    MOVLW     00C0H
 M    0076    2234         S    MOVWF     0034H
 M    0077    0236         S    CLRF      0036H
 M    0078    0237         S    CLRF      0037H
 M    0079    4006         S    MOVLW     0006H
 M    007A    220E         S    MOVWF     000EH
 M    007B    0209         S    CLRF      0009H
 M    007C    020A         S    CLRF      000AH
 M    007D    0229         S    CLRF      0029H
 M    007E    E813         S    BTFSC     0013H  0004H
 M    007F    A07E         S    GOTO      007EH
 M    0080    DE0E         S    BSF       000EH  0007H
 M    0081    D60E         S    BSF       000EH  0003H
 M    0082    0209         S    CLRF      0009H
 M    0083    020A         S    CLRF      000AH
 M    0084    D807         S    BSF       0007H  0004H
 M    0085    DE07         S    BSF       0007H  0007H
 M    0086    F813         S    BTFSS     0013H  0004H
 M    0087    A086         S    GOTO      0086H
 M    0088    200D         S    MOVFW     000DH
 M    0089    222C         S    MOVWF     002CH
 M    008A    200C         S    MOVFW     000CH
 M    008B    222D         S    MOVWF     002DH
 M    008C    CE0E         S    BCF       000EH  0007H
 M    008D    DA14         S    BSF       0014H  0005H
 M    008E    CA13         S    BCF       0013H  0005H
 M    008F    E622         S    BTFSC     0022H  0003H
 M    0090    A099         S    GOTO      0099H
 M    0091    E813         S    BTFSC     0013H  0004H
 M    0092    A08F         S    GOTO      008FH
 M    0093    200D         S    MOVFW     000DH
 M    0094    222A         S    MOVWF     002AH
 M    0095    200C         S    MOVFW     000CH
 M    0096    222B         S    MOVWF     002BH
 M    0097    CE0E         S    BCF       000EH  0007H
 M    0098    A086         S    GOTO      0086H
 M    0099    0000         S    NOP
 M    009A    CA14         S    BCF       0014H  0005H
 M    009B    DA13         S    BSF       0013H  0005H
 M    009C    A4F0         S    GOTO      04F0H
 M    009D    200D         S    MOVFW     000DH
 M    009E    2201         S    MOVWF     0001H
 M    009F    0A03         S    INCF      0003H  0001H
 M    00A0    200C         S    MOVFW     000CH
 M    00A1    2201         S    MOVWF     0001H
 M    00A2    0A03         S    INCF      0003H  0001H
 M    00A3    0A29         S    INCF      0029H  0001H
 M    00A4    0003         S    RETURN
 M    00A5    4102         S    SETDP     0002H
 M    00A6    0222         S    CLRF      0022H
 M    00A7    D81E         S    BSF       001EH  0004H
 M    00A8    C61E         S    BCF       001EH  0003H
 M    00A9    020B         S    CLRF      000BH
 M    00AA    DE0B         S    BSF       000BH  0007H
 M    00AB    0209         S    CLRF      0009H
 M    00AC    020A         S    CLRF      000AH
 M    00AD    C622         S    BCF       0022H  0003H
 M    00AE    D422         S    BSF       0022H  0002H
 M    00AF    4005         S    MOVLW     0005H
 M    00B0    062F         S    ADDWF     002FH  0001H
 M    00B1    4050         S    MOVLW     0050H
 M    00B2    2232         S    MOVWF     0032H
 M    00B3    4000         S    MOVLW     0100H
 M    00B4    2233         S    MOVWF     0033H
 M    00B5    40C0         S    MOVLW     00C0H
 M    00B6    2234         S    MOVWF     0034H
 M    00B7    0236         S    CLRF      0036H
 M    00B8    0237         S    CLRF      0037H
 M    00B9    C807         S    BCF       0007H  0004H
 M    00BA    CE07         S    BCF       0007H  0007H
 M    00BB    C80B         S    BCF       000BH  0004H
 M    00BC    F421         S    BTFSS     0021H  0002H
 M    00BD    A0C1         S    GOTO      00C1H
 M    00BE    4056         S    MOVLW     0056H
 M    00BF    220E         S    MOVWF     000EH
 M    00C0    A0C3         S    GOTO      00C3H
 M    00C1    4006         S    MOVLW     0006H
 M    00C2    220E         S    MOVWF     000EH
 M    00C3    0000         S    NOP
 M    00C4    0209         S    CLRF      0009H
 M    00C5    020A         S    CLRF      000AH
 M    00C6    CE0E         S    BCF       000EH  0007H
 M    00C7    4006         S    MOVLW     0006H
 M    00C8    2211         S    MOVWF     0011H
 M    00C9    020F         S    CLRF      000FH
 M    00CA    CE11         S    BCF       0011H  0007H
 M    00CB    0206         S    CLRF      0006H
 M    00CC    C807         S    BCF       0007H  0004H
 M    00CD    D607         S    BSF       0007H  0003H
 M    00CE    D407         S    BSF       0007H  0002H
 M    00CF    D207         S    BSF       0007H  0001H
 M    00D0    CE07         S    BCF       0007H  0007H
 M    00D1    D60E         S    BSF       000EH  0003H
 M    00D2    DA0E         S    BSF       000EH  0005H
 M    00D3    0220         S    CLRF      0020H
 M    00D4    4078         S    MOVLW     0078H
 M    00D5    220F         S    MOVWF     000FH
 M    00D6    4008         S    MOVLW     0008H
 M    00D7    221D         S    MOVWF     001DH
 M    00D8    0006         S    CLRWDT
 M    00D9    E206         S    BTFSC     0006H  0001H
 M    00DA    A1F1         S    GOTO      01F1H
 M    00DB    F406         S    BTFSS     0006H  0002H
 M    00DC    A0D9         S    GOTO      00D9H
 M    00DD    400D         S    MOVLW     000DH
 M    00DE    221D         S    MOVWF     001DH
 M    00DF    0006         S    CLRWDT
 M    00E0    200C         S    MOVFW     000CH
 M    00E1    224F         S    MOVWF     004FH
 M    00E2    200D         S    MOVFW     000DH
 M    00E3    224E         S    MOVWF     004EH
 M    00E4    0206         S    CLRF      0006H
 M    00E5    D611         S    BSF       0011H  0003H
 M    00E6    DE11         S    BSF       0011H  0007H
 M    00E7    E606         S    BTFSC     0006H  0003H
 M    00E8    A0D6         S    GOTO      00D6H
 M    00E9    F406         S    BTFSS     0006H  0002H
 M    00EA    A0E7         S    GOTO      00E7H
 M    00EB    0206         S    CLRF      0006H
 M    00EC    F406         S    BTFSS     0006H  0002H
 M    00ED    A0EC         S    GOTO      00ECH
 M    00EE    0206         S    CLRF      0006H
 M    00EF    F406         S    BTFSS     0006H  0002H
 M    00F0    A0EF         S    GOTO      00EFH
 M    00F1    0206         S    CLRF      0006H
 M    00F2    F406         S    BTFSS     0006H  0002H
 M    00F3    A0F2         S    GOTO      00F2H
 M    00F4    204F         S    MOVFW     004FH
 M    00F5    180C         S    SUBWF     000CH  0000H
 M    00F6    224F         S    MOVWF     004FH
 M    00F7    204E         S    MOVFW     004EH
 M    00F8    380D         S    SUBWFC    000DH  0000H
 M    00F9    224E         S    MOVWF     004EH
 M    00FA    3E4E         S    RRF       004EH  0001H
 M    00FB    3E4F         S    RRF       004FH  0001H
 M    00FC    1C4F         S    COMF      004FH  0000H
 M    00FD    220F         S    MOVWF     000FH
 M    00FE    0206         S    CLRF      0006H
 M    00FF    F421         S    BTFSS     0021H  0002H
 M    0100    A104         S    GOTO      0104H
 M    0101    4054         S    MOVLW     0054H
 M    0102    220E         S    MOVWF     000EH
 M    0103    A106         S    GOTO      0106H
 M    0104    4004         S    MOVLW     0004H
 M    0105    220E         S    MOVWF     000EH
 M    0106    D611         S    BSF       0011H  0003H
 M    0107    D807         S    BSF       0007H  0004H
 M    0108    DE07         S    BSF       0007H  0007H
 M    0109    E422         S    BTFSC     0022H  0002H
 M    010A    A109         S    GOTO      0109H
 M    010B    F422         S    BTFSS     0022H  0002H
 M    010C    A10B         S    GOTO      010BH
 M    010D    E422         S    BTFSC     0022H  0002H
 M    010E    A10D         S    GOTO      010DH
 M    010F    0235         S    CLRF      0035H
 M    0110    0A35         S    INCF      0035H  0001H
 M    0111    023D         S    CLRF      003DH
 M    0112    023E         S    CLRF      003EH
 M    0113    023F         S    CLRF      003FH
 M    0114    0240         S    CLRF      0040H
 M    0115    2033         S    MOVFW     0033H
 M    0116    2203         S    MOVWF     0003H
 M    0117    202C         S    MOVFW     002CH
 M    0118    2201         S    MOVWF     0001H
 M    0119    2241         S    MOVWF     0041H
 M    011A    0A03         S    INCF      0003H  0001H
 M    011B    202D         S    MOVFW     002DH
 M    011C    2201         S    MOVWF     0001H
 M    011D    2242         S    MOVWF     0042H
 M    011E    0A03         S    INCF      0003H  0001H
 M    011F    202A         S    MOVFW     002AH
 M    0120    2201         S    MOVWF     0001H
 M    0121    2243         S    MOVWF     0043H
 M    0122    0A03         S    INCF      0003H  0001H
 M    0123    202B         S    MOVFW     002BH
 M    0124    2201         S    MOVWF     0001H
 M    0125    2244         S    MOVWF     0044H
 M    0126    D204         S    BSF       0004H  0001H
 M    0127    3E45         S    RRF       0045H  0001H
 M    0128    F204         S    BTFSS     0004H  0001H
 M    0129    A12C         S    GOTO      012CH
 M    012A    DE45         S    BSF       0045H  0007H
 M    012B    0A34         S    INCF      0034H  0001H
 M    012C    2034         S    MOVFW     0034H
 M    012D    2202         S    MOVWF     0002H
 M    012E    2045         S    MOVFW     0045H
 M    012F    2E00         S    IORWF     0000H  0001H
 M    0130    0E37         S    INCFSZ    0037H  0001H
 M    0131    A133         S    GOTO      0133H
 M    0132    0A36         S    INCF      0036H  0001H
 M    0133    E622         S    BTFSC     0022H  0003H
 M    0134    A1BC         S    GOTO      01BCH
 M    0135    F422         S    BTFSS     0022H  0002H
 M    0136    A135         S    GOTO      0135H
 M    0137    E622         S    BTFSC     0022H  0003H
 M    0138    A13B         S    GOTO      013BH
 M    0139    E422         S    BTFSC     0022H  0002H
 M    013A    A139         S    GOTO      0139H
 M    013B    203E         S    MOVFW     003EH
 M    013C    182D         S    SUBWF     002DH  0000H
 M    013D    2230         S    MOVWF     0030H
 M    013E    203D         S    MOVFW     003DH
 M    013F    382C         S    SUBWFC    002CH  0000H
 M    0140    2231         S    MOVWF     0031H
 M    0141    821B         S    CALL      021BH
 M    0142    4003         S    MOVLW     0003H
 M    0143    1830         S    SUBWF     0030H  0000H
 M    0144    4000         S    MOVLW     0000H
 M    0145    3831         S    SUBWFC    0031H  0000H
 M    0146    E204         S    BTFSC     0004H  0001H
 M    0147    A162         S    GOTO      0162H
 M    0148    2040         S    MOVFW     0040H
 M    0149    182B         S    SUBWF     002BH  0000H
 M    014A    2230         S    MOVWF     0030H
 M    014B    203F         S    MOVFW     003FH
 M    014C    382A         S    SUBWFC    002AH  0000H
 M    014D    2231         S    MOVWF     0031H
 M    014E    821B         S    CALL      021BH
 M    014F    4032         S    MOVLW     0032H
 M    0150    1830         S    SUBWF     0030H  0000H
 M    0151    4000         S    MOVLW     0000H
 M    0152    3831         S    SUBWFC    0031H  0000H
 M    0153    E204         S    BTFSC     0004H  0001H
 M    0154    A162         S    GOTO      0162H
 M    0155    C204         S    BCF       0004H  0001H
 M    0156    3E45         S    RRF       0045H  0001H
 M    0157    F204         S    BTFSS     0004H  0001H
 M    0158    A15B         S    GOTO      015BH
 M    0159    DE45         S    BSF       0045H  0007H
 M    015A    0A34         S    INCF      0034H  0001H
 M    015B    0E37         S    INCFSZ    0037H  0001H
 M    015C    A15E         S    GOTO      015EH
 M    015D    0A36         S    INCF      0036H  0001H
 M    015E    0E35         S    INCFSZ    0035H  0001H
 M    015F    A133         S    GOTO      0133H
 M    0160    1235         S    DECF      0035H  0001H
 M    0161    A18C         S    GOTO      018CH
 M    0162    2042         S    MOVFW     0042H
 M    0163    182D         S    SUBWF     002DH  0000H
 M    0164    2230         S    MOVWF     0030H
 M    0165    2041         S    MOVFW     0041H
 M    0166    382C         S    SUBWFC    002CH  0000H
 M    0167    2231         S    MOVWF     0031H
 M    0168    821B         S    CALL      021BH
 M    0169    4003         S    MOVLW     0003H
 M    016A    1830         S    SUBWF     0030H  0000H
 M    016B    4000         S    MOVLW     0000H
 M    016C    3831         S    SUBWFC    0031H  0000H
 M    016D    E204         S    BTFSC     0004H  0001H
 M    016E    A18C         S    GOTO      018CH
 M    016F    2044         S    MOVFW     0044H
 M    0170    182B         S    SUBWF     002BH  0000H
 M    0171    2230         S    MOVWF     0030H
 M    0172    2043         S    MOVFW     0043H
 M    0173    382A         S    SUBWFC    002AH  0000H
 M    0174    2231         S    MOVWF     0031H
 M    0175    821B         S    CALL      021BH
 M    0176    4032         S    MOVLW     0032H
 M    0177    1830         S    SUBWF     0030H  0000H
 M    0178    4000         S    MOVLW     0000H
 M    0179    3831         S    SUBWFC    0031H  0000H
 M    017A    E204         S    BTFSC     0004H  0001H
 M    017B    A18C         S    GOTO      018CH
 M    017C    C204         S    BCF       0004H  0001H
 M    017D    3E45         S    RRF       0045H  0001H
 M    017E    F204         S    BTFSS     0004H  0001H
 M    017F    A182         S    GOTO      0182H
 M    0180    DE45         S    BSF       0045H  0007H
 M    0181    0A34         S    INCF      0034H  0001H
 M    0182    2034         S    MOVFW     0034H
 M    0183    2202         S    MOVWF     0002H
 M    0184    2045         S    MOVFW     0045H
 M    0185    2E00         S    IORWF     0000H  0001H
 M    0186    0E37         S    INCFSZ    0037H  0001H
 M    0187    A189         S    GOTO      0189H
 M    0188    0A36         S    INCF      0036H  0001H
 M    0189    0E35         S    INCFSZ    0035H  0001H
 M    018A    A133         S    GOTO      0133H
 M    018B    1235         S    DECF      0035H  0001H
 M    018C    2032         S    MOVFW     0032H
 M    018D    2202         S    MOVWF     0002H
 M    018E    2035         S    MOVFW     0035H
 M    018F    2200         S    MOVWF     0000H
 M    0190    0A32         S    INCF      0032H  0001H
 M    0191    0235         S    CLRF      0035H
 M    0192    0A35         S    INCF      0035H  0001H
 M    0193    4004         S    MOVLW     0004H
 M    0194    0633         S    ADDWF     0033H  0001H
 M    0195    2041         S    MOVFW     0041H
 M    0196    223D         S    MOVWF     003DH
 M    0197    2042         S    MOVFW     0042H
 M    0198    223E         S    MOVWF     003EH
 M    0199    2043         S    MOVFW     0043H
 M    019A    223F         S    MOVWF     003FH
 M    019B    2044         S    MOVFW     0044H
 M    019C    2240         S    MOVWF     0040H
 M    019D    2033         S    MOVFW     0033H
 M    019E    2203         S    MOVWF     0003H
 M    019F    202C         S    MOVFW     002CH
 M    01A0    2201         S    MOVWF     0001H
 M    01A1    2241         S    MOVWF     0041H
 M    01A2    0A03         S    INCF      0003H  0001H
 M    01A3    202D         S    MOVFW     002DH
 M    01A4    2201         S    MOVWF     0001H
 M    01A5    2242         S    MOVWF     0042H
 M    01A6    0A03         S    INCF      0003H  0001H
 M    01A7    202A         S    MOVFW     002AH
 M    01A8    2201         S    MOVWF     0001H
 M    01A9    2243         S    MOVWF     0043H
 M    01AA    0A03         S    INCF      0003H  0001H
 M    01AB    202B         S    MOVFW     002BH
 M    01AC    2201         S    MOVWF     0001H
 M    01AD    2244         S    MOVWF     0044H
 M    01AE    C204         S    BCF       0004H  0001H
 M    01AF    3E45         S    RRF       0045H  0001H
 M    01B0    F204         S    BTFSS     0004H  0001H
 M    01B1    A1B4         S    GOTO      01B4H
 M    01B2    DE45         S    BSF       0045H  0007H
 M    01B3    0A34         S    INCF      0034H  0001H
 M    01B4    2034         S    MOVFW     0034H
 M    01B5    2202         S    MOVWF     0002H
 M    01B6    2045         S    MOVFW     0045H
 M    01B7    2E00         S    IORWF     0000H  0001H
 M    01B8    0E37         S    INCFSZ    0037H  0001H
 M    01B9    A1BB         S    GOTO      01BBH
 M    01BA    0A36         S    INCF      0036H  0001H
 M    01BB    A133         S    GOTO      0133H
 M    01BC    2032         S    MOVFW     0032H
 M    01BD    2202         S    MOVWF     0002H
 M    01BE    2035         S    MOVFW     0035H
 M    01BF    2200         S    MOVWF     0000H
 M    01C0    0A32         S    INCF      0032H  0001H
 M    01C1    CE07         S    BCF       0007H  0007H
 M    01C2    C807         S    BCF       0007H  0004H
 M    01C3    C407         S    BCF       0007H  0002H
 M    01C4    C60E         S    BCF       000EH  0003H
 M    01C5    0000         S    NOP
 M    01C6    3E4E         S    RRF       004EH  0001H
 M    01C7    3E4F         S    RRF       004FH  0001H
 M    01C8    A1C9         S    GOTO      01C9H
 M    01C9    4050         S    MOVLW     0050H
 M    01CA    1832         S    SUBWF     0032H  0000H
 M    01CB    224C         S    MOVWF     004CH
 M    01CC    4004         S    MOVLW     0004H
 M    01CD    0633         S    ADDWF     0033H  0001H
 M    01CE    4000         S    MOVLW     0100H
 M    01CF    1833         S    SUBWF     0033H  0000H
 M    01D0    224D         S    MOVWF     004DH
 M    01D1    0A34         S    INCF      0034H  0001H
 M    01D2    40C0         S    MOVLW     00C0H
 M    01D3    1834         S    SUBWF     0034H  0000H
 M    01D4    224E         S    MOVWF     004EH
 M    01D5    0246         S    CLRF      0046H
 M    01D6    4000         S    MOVLW     0000H
 M    01D7    2248         S    MOVWF     0048H
 M    01D8    204C         S    MOVFW     004CH
 M    01D9    2249         S    MOVWF     0049H
 M    01DA    4100         S    SETDP     0000H
 M    01DB    4050         S    MOVLW     0050H
 M    01DC    2202         S    MOVWF     0002H
 M    01DD    81F9         S    CALL      01F9H
 M    01DE    4000         S    MOVLW     0000H
 M    01DF    2248         S    MOVWF     0048H
 M    01E0    204D         S    MOVFW     004DH
 M    01E1    2249         S    MOVWF     0049H
 M    01E2    4101         S    SETDP     0001H
 M    01E3    4000         S    MOVLW     0100H
 M    01E4    2202         S    MOVWF     0002H
 M    01E5    81F9         S    CALL      01F9H
 M    01E6    4000         S    MOVLW     0000H
 M    01E7    2248         S    MOVWF     0048H
 M    01E8    204E         S    MOVFW     004EH
 M    01E9    2249         S    MOVWF     0049H
 M    01EA    4100         S    SETDP     0000H
 M    01EB    40C0         S    MOVLW     00C0H
 M    01EC    2202         S    MOVWF     0002H
 M    01ED    81F9         S    CALL      01F9H
 M    01EE    2046         S    MOVFW     0046H
 M    01EF    224B         S    MOVWF     004BH
 M    01F0    A1F5         S    GOTO      01F5H
 M    01F1    4000         S    MOVLW     0000H
 M    01F2    224A         S    MOVWF     004AH
 M    01F3    4100         S    SETDP     0000H
 M    01F4    A4F0         S    GOTO      04F0H
 M    01F5    4001         S    MOVLW     0001H
 M    01F6    224A         S    MOVWF     004AH
 M    01F7    4100         S    SETDP     0000H
 M    01F8    A4F0         S    GOTO      04F0H
 M    01F9    2000         S    MOVFW     0000H
 M    01FA    3246         S    XORWF     0046H  0001H
 M    01FB    0E02         S    INCFSZ    0002H  0001H
 M    01FC    A1FE         S    GOTO      01FEH
 M    01FD    4101         S    SETDP     0001H
 M    01FE    4008         S    MOVLW     0008H
 M    01FF    2247         S    MOVWF     0047H
 M    0200    2046         S    MOVFW     0046H
 M    0201    6801         S    ANDLW     0001H
 M    0202    5800         S    SUBLW     0000H
 M    0203    E004         S    BTFSC     0004H  0000H
 M    0204    A20A         S    GOTO      020AH
 M    0205    C204         S    BCF       0004H  0001H
 M    0206    3C46         S    RRF       0046H  0000H
 M    0207    708C         S    XORLW     008CH
 M    0208    2246         S    MOVWF     0046H
 M    0209    A20C         S    GOTO      020CH
 M    020A    C204         S    BCF       0004H  0001H
 M    020B    3E46         S    RRF       0046H  0001H
 M    020C    1647         S    DECFSZ    0047H  0001H
 M    020D    A200         S    GOTO      0200H
 M    020E    4001         S    MOVLW     0001H
 M    020F    1A49         S    SUBWF     0049H  0001H
 M    0210    4000         S    MOVLW     0000H
 M    0211    3A48         S    SUBWFC    0048H  0001H
 M    0212    2048         S    MOVFW     0048H
 M    0213    5800         S    SUBLW     0000H
 M    0214    F004         S    BTFSS     0004H  0000H
 M    0215    A1F9         S    GOTO      01F9H
 M    0216    2049         S    MOVFW     0049H
 M    0217    5800         S    SUBLW     0000H
 M    0218    F004         S    BTFSS     0004H  0000H
 M    0219    A1F9         S    GOTO      01F9H
 M    021A    0003         S    RETURN
 M    021B    E204         S    BTFSC     0004H  0001H
 M    021C    0003         S    RETURN
 M    021D    1E30         S    COMF      0030H  0001H
 M    021E    1E31         S    COMF      0031H  0001H
 M    021F    4001         S    MOVLW     0001H
 M    0220    0630         S    ADDWF     0030H  0001H
 M    0221    4000         S    MOVLW     0000H
 M    0222    2631         S    ADDWFC    0031H  0001H
 M    0223    0003         S    RETURN
0024                       S    INCLUDE CONSUMERIR.ASM
 M    0224    4002         S    MOVLW     0002H
 M    0225    3841         S    SUBWFC    0041H  0000H
 M    0226    E204         S    BTFSC     0004H  0001H
 M    0227    A4F0         S    GOTO      04F0H
 M    0228    839B         S    CALL      039BH
 M    0229    2036         S    MOVFW     0036H
 M    022A    1849         S    SUBWF     0049H  0000H
 M    022B    F004         S    BTFSS     0004H  0000H
 M    022C    A4F0         S    GOTO      04F0H
 M    022D    A286         S    GOTO      0286H
 M    022E    4002         S    MOVLW     0002H
 M    022F    3841         S    SUBWFC    0041H  0000H
 M    0230    E204         S    BTFSC     0004H  0001H
 M    0231    A4F0         S    GOTO      04F0H
 M    0232    839B         S    CALL      039BH
 M    0233    2036         S    MOVFW     0036H
 M    0234    1849         S    SUBWF     0049H  0000H
 M    0235    F004         S    BTFSS     0004H  0000H
 M    0236    A4F0         S    GOTO      04F0H
 M    0237    0006         S    CLRWDT
 M    0238    403F         S    MOVLW     003FH
 M    0239    0442         S    ADDWF     0042H  0000H
 M    023A    222B         S    MOVWF     002BH
 M    023B    4000         S    MOVLW     0000H
 M    023C    2641         S    ADDWFC    0041H  0001H
 M    023D    222A         S    MOVWF     002AH
 M    023E    E02A         S    BTFSC     002AH  0000H
 M    023F    A242         S    GOTO      0242H
 M    0240    4100         S    SETDP     0000H
 M    0241    A243         S    GOTO      0243H
 M    0242    4101         S    SETDP     0001H
 M    0243    202B         S    MOVFW     002BH
 M    0244    2202         S    MOVWF     0002H
 M    0245    2000         S    MOVFW     0000H
 M    0246    2223         S    MOVWF     0023H
 M    0247    4001         S    MOVLW     0001H
 M    0248    1A42         S    SUBWF     0042H  0001H
 M    0249    4000         S    MOVLW     0000H
 M    024A    3A41         S    SUBWFC    0041H  0001H
 M    024B    2023         S    MOVFW     0023H
 M    024C    2224         S    MOVWF     0024H
 M    024D    FE24         S    BTFSS     0024H  0007H
 M    024E    A252         S    GOTO      0252H
 M    024F    2024         S    MOVFW     0024H
 M    0250    70D5         S    XORLW     00D5H
 M    0251    2224         S    MOVWF     0024H
 M    0252    C204         S    BCF       0004H  0001H
 M    0253    3624         S    RLF       0024H  0001H
 M    0254    FE23         S    BTFSS     0023H  0007H
 M    0255    A259         S    GOTO      0259H
 M    0256    2024         S    MOVFW     0024H
 M    0257    6C01         S    IORLW     0001H
 M    0258    2224         S    MOVWF     0024H
 M    0259    2042         S    MOVFW     0042H
 M    025A    222C         S    MOVWF     002CH
 M    025B    2041         S    MOVFW     0041H
 M    025C    222D         S    MOVWF     002DH
 M    025D    400A         S    MOVLW     000AH
 M    025E    1A2C         S    SUBWF     002CH  0001H
 M    025F    4000         S    MOVLW     0000H
 M    0260    3A2D         S    SUBWFC    002DH  0001H
 M    0261    022B         S    CLRF      002BH
 M    0262    022A         S    CLRF      002AH
 M    0263    4100         S    SETDP     0000H
 M    0264    404A         S    MOVLW     004AH
 M    0265    2202         S    MOVWF     0002H
 M    0266    202B         S    MOVFW     002BH
 M    0267    3224         S    XORWF     0024H  0001H
 M    0268    2024         S    MOVFW     0024H
 M    0269    2231         S    MOVWF     0031H
 M    026A    C204         S    BCF       0004H  0001H
 M    026B    3E31         S    RRF       0031H  0001H
 M    026C    2024         S    MOVFW     0024H
 M    026D    F024         S    BTFSS     0024H  0000H
 M    026E    A272         S    GOTO      0272H
 M    026F    2031         S    MOVFW     0031H
 M    0270    70D5         S    XORLW     00D5H
 M    0271    2231         S    MOVWF     0031H
 M    0272    2000         S    MOVFW     0000H
 M    0273    3031         S    XORWF     0031H  0000H
 M    0274    2200         S    MOVWF     0000H
 M    0275    0A24         S    INCF      0024H  0001H
 M    0276    0E02         S    INCFSZ    0002H  0001H
 M    0277    A279         S    GOTO      0279H
 M    0278    4101         S    SETDP     0001H
 M    0279    4001         S    MOVLW     0001H
 M    027A    062B         S    ADDWF     002BH  0001H
 M    027B    4000         S    MOVLW     0000H
 M    027C    262A         S    ADDWFC    002AH  0001H
 M    027D    202D         S    MOVFW     002DH
 M    027E    182A         S    SUBWF     002AH  0000H
 M    027F    F004         S    BTFSS     0004H  0000H
 M    0280    A266         S    GOTO      0266H
 M    0281    202C         S    MOVFW     002CH
 M    0282    182B         S    SUBWF     002BH  0000H
 M    0283    F004         S    BTFSS     0004H  0000H
 M    0284    A266         S    GOTO      0266H
 M    0285    0006         S    CLRWDT
 M    0286    D20B         S    BSF       000BH  0001H
 M    0287    D80B         S    BSF       000BH  0004H
 M    0288    C204         S    BCF       0004H  0001H
 M    0289    3C43         S    RRF       0043H  0000H
 M    028A    2209         S    MOVWF     0009H
 M    028B    2043         S    MOVFW     0043H
 M    028C    220A         S    MOVWF     000AH
 M    028D    C81E         S    BCF       001EH  0004H
 M    028E    D61E         S    BSF       001EH  0003H
 M    028F    CE0B         S    BCF       000BH  0007H
 M    0290    4002         S    MOVLW     0002H
 M    0291    220E         S    MOVWF     000EH
 M    0292    CE0E         S    BCF       000EH  0007H
 M    0293    D60E         S    BSF       000EH  0003H
 M    0294    0206         S    CLRF      0006H
 M    0295    C807         S    BCF       0007H  0004H
 M    0296    CE07         S    BCF       0007H  0007H
 M    0297    2043         S    MOVFW     0043H
 M    0298    5880         S    SUBLW     0080H
 M    0299    2224         S    MOVWF     0024H
 M    029A    4009         S    MOVLW     0009H
 M    029B    0624         S    ADDWF     0024H  0001H
 M    029C    2044         S    MOVFW     0044H
 M    029D    2239         S    MOVWF     0039H
 M    029E    2045         S    MOVFW     0045H
 M    029F    223A         S    MOVWF     003AH
 M    02A0    4001         S    MOVLW     0001H
 M    02A1    1A3A         S    SUBWF     003AH  0001H
 M    02A2    4000         S    MOVLW     0000H
 M    02A3    3A39         S    SUBWFC    0039H  0001H
 M    02A4    4100         S    SETDP     0000H
 M    02A5    4040         S    MOVLW     0040H
 M    02A6    444A         S    ADDLW     004AH
 M    02A7    2202         S    MOVWF     0002H
 M    02A8    2000         S    MOVFW     0000H
 M    02A9    2234         S    MOVWF     0034H
 M    02AA    3E34         S    RRF       0034H  0001H
 M    02AB    3E34         S    RRF       0034H  0001H
 M    02AC    3E34         S    RRF       0034H  0001H
 M    02AD    3C34         S    RRF       0034H  0000H
 M    02AE    680F         S    ANDLW     000FH
 M    02AF    2235         S    MOVWF     0035H
 M    02B0    C204         S    BCF       0004H  0001H
 M    02B1    3635         S    RLF       0035H  0001H
 M    02B2    C204         S    BCF       0004H  0001H
 M    02B3    3635         S    RLF       0035H  0001H
 M    02B4    2035         S    MOVFW     0035H
 M    02B5    444A         S    ADDLW     004AH
 M    02B6    2203         S    MOVWF     0003H
 M    02B7    2001         S    MOVFW     0001H
 M    02B8    2230         S    MOVWF     0030H
 M    02B9    0A03         S    INCF      0003H  0001H
 M    02BA    2001         S    MOVFW     0001H
 M    02BB    2231         S    MOVWF     0031H
 M    02BC    0A03         S    INCF      0003H  0001H
 M    02BD    2001         S    MOVFW     0001H
 M    02BE    2232         S    MOVWF     0032H
 M    02BF    0A03         S    INCF      0003H  0001H
 M    02C0    2001         S    MOVFW     0001H
 M    02C1    2233         S    MOVWF     0033H
 M    02C2    0A30         S    INCF      0030H  0001H
 M    02C3    0A32         S    INCF      0032H  0001H
 M    02C4    D60B         S    BSF       000BH  0003H
 M    02C5    8304         S    CALL      0304H
 M    02C6    1631         S    DECFSZ    0031H  0001H
 M    02C7    A2C5         S    GOTO      02C5H
 M    02C8    1630         S    DECFSZ    0030H  0001H
 M    02C9    A2C5         S    GOTO      02C5H
 M    02CA    C60B         S    BCF       000BH  0003H
 M    02CB    8304         S    CALL      0304H
 M    02CC    1633         S    DECFSZ    0033H  0001H
 M    02CD    A2CB         S    GOTO      02CBH
 M    02CE    1632         S    DECFSZ    0032H  0001H
 M    02CF    A2CB         S    GOTO      02CBH
 M    02D0    4001         S    MOVLW     0001H
 M    02D1    1A3A         S    SUBWF     003AH  0001H
 M    02D2    4000         S    MOVLW     0000H
 M    02D3    3A39         S    SUBWFC    0039H  0001H
 M    02D4    F204         S    BTFSS     0004H  0001H
 M    02D5    A303         S    GOTO      0303H
 M    02D6    2000         S    MOVFW     0000H
 M    02D7    680F         S    ANDLW     000FH
 M    02D8    2235         S    MOVWF     0035H
 M    02D9    C204         S    BCF       0004H  0001H
 M    02DA    3635         S    RLF       0035H  0001H
 M    02DB    C204         S    BCF       0004H  0001H
 M    02DC    3635         S    RLF       0035H  0001H
 M    02DD    2035         S    MOVFW     0035H
 M    02DE    444A         S    ADDLW     004AH
 M    02DF    2203         S    MOVWF     0003H
 M    02E0    2001         S    MOVFW     0001H
 M    02E1    2230         S    MOVWF     0030H
 M    02E2    0A03         S    INCF      0003H  0001H
 M    02E3    2001         S    MOVFW     0001H
 M    02E4    2231         S    MOVWF     0031H
 M    02E5    0A03         S    INCF      0003H  0001H
 M    02E6    2001         S    MOVFW     0001H
 M    02E7    2232         S    MOVWF     0032H
 M    02E8    0A03         S    INCF      0003H  0001H
 M    02E9    2001         S    MOVFW     0001H
 M    02EA    2233         S    MOVWF     0033H
 M    02EB    0A30         S    INCF      0030H  0001H
 M    02EC    0A32         S    INCF      0032H  0001H
 M    02ED    D60B         S    BSF       000BH  0003H
 M    02EE    8304         S    CALL      0304H
 M    02EF    1631         S    DECFSZ    0031H  0001H
 M    02F0    A2EE         S    GOTO      02EEH
 M    02F1    1630         S    DECFSZ    0030H  0001H
 M    02F2    A2EE         S    GOTO      02EEH
 M    02F3    C60B         S    BCF       000BH  0003H
 M    02F4    8304         S    CALL      0304H
 M    02F5    1633         S    DECFSZ    0033H  0001H
 M    02F6    A2F4         S    GOTO      02F4H
 M    02F7    1632         S    DECFSZ    0032H  0001H
 M    02F8    A2F4         S    GOTO      02F4H
 M    02F9    4001         S    MOVLW     0001H
 M    02FA    1A3A         S    SUBWF     003AH  0001H
 M    02FB    4000         S    MOVLW     0000H
 M    02FC    3A39         S    SUBWFC    0039H  0001H
 M    02FD    F204         S    BTFSS     0004H  0001H
 M    02FE    A303         S    GOTO      0303H
 M    02FF    0E02         S    INCFSZ    0002H  0001H
 M    0300    A2A8         S    GOTO      02A8H
 M    0301    4101         S    SETDP     0001H
 M    0302    A2A8         S    GOTO      02A8H
 M    0303    0003         S    RETURN
 M    0304    2024         S    MOVFW     0024H
 M    0305    0008         S    ADDPCW
 M    0306    0000         S    NOP
 M    0307    0000         S    NOP
 M    0308    0000         S    NOP
 M    0309    0000         S    NOP
 M    030A    0000         S    NOP
 M    030B    0000         S    NOP
 M    030C    0000         S    NOP
 M    030D    0000         S    NOP
 M    030E    0000         S    NOP
 M    030F    0000         S    NOP
 M    0310    0000         S    NOP
 M    0311    0000         S    NOP
 M    0312    0000         S    NOP
 M    0313    0000         S    NOP
 M    0314    0000         S    NOP
 M    0315    0000         S    NOP
 M    0316    0000         S    NOP
 M    0317    0000         S    NOP
 M    0318    0000         S    NOP
 M    0319    0000         S    NOP
 M    031A    0000         S    NOP
 M    031B    0000         S    NOP
 M    031C    0000         S    NOP
 M    031D    0000         S    NOP
 M    031E    0000         S    NOP
 M    031F    0000         S    NOP
 M    0320    0000         S    NOP
 M    0321    0000         S    NOP
 M    0322    0000         S    NOP
 M    0323    0000         S    NOP
 M    0324    0000         S    NOP
 M    0325    0000         S    NOP
 M    0326    0000         S    NOP
 M    0327    0000         S    NOP
 M    0328    0000         S    NOP
 M    0329    0000         S    NOP
 M    032A    0000         S    NOP
 M    032B    0000         S    NOP
 M    032C    0000         S    NOP
 M    032D    0000         S    NOP
 M    032E    0000         S    NOP
 M    032F    0000         S    NOP
 M    0330    0000         S    NOP
 M    0331    0000         S    NOP
 M    0332    0000         S    NOP
 M    0333    0000         S    NOP
 M    0334    0000         S    NOP
 M    0335    0000         S    NOP
 M    0336    0000         S    NOP
 M    0337    0000         S    NOP
 M    0338    0000         S    NOP
 M    0339    0000         S    NOP
 M    033A    0000         S    NOP
 M    033B    0000         S    NOP
 M    033C    0000         S    NOP
 M    033D    0000         S    NOP
 M    033E    0000         S    NOP
 M    033F    0000         S    NOP
 M    0340    0000         S    NOP
 M    0341    0000         S    NOP
 M    0342    0000         S    NOP
 M    0343    0000         S    NOP
 M    0344    0000         S    NOP
 M    0345    0000         S    NOP
 M    0346    0000         S    NOP
 M    0347    0000         S    NOP
 M    0348    0000         S    NOP
 M    0349    0000         S    NOP
 M    034A    0000         S    NOP
 M    034B    0000         S    NOP
 M    034C    0000         S    NOP
 M    034D    0000         S    NOP
 M    034E    0000         S    NOP
 M    034F    0000         S    NOP
 M    0350    0000         S    NOP
 M    0351    0000         S    NOP
 M    0352    0000         S    NOP
 M    0353    0000         S    NOP
 M    0354    0000         S    NOP
 M    0355    0000         S    NOP
 M    0356    0000         S    NOP
 M    0357    0000         S    NOP
 M    0358    0000         S    NOP
 M    0359    0000         S    NOP
 M    035A    0000         S    NOP
 M    035B    0000         S    NOP
 M    035C    0000         S    NOP
 M    035D    0000         S    NOP
 M    035E    0000         S    NOP
 M    035F    0000         S    NOP
 M    0360    0000         S    NOP
 M    0361    0000         S    NOP
 M    0362    0000         S    NOP
 M    0363    0000         S    NOP
 M    0364    0000         S    NOP
 M    0365    0000         S    NOP
 M    0366    0000         S    NOP
 M    0367    0000         S    NOP
 M    0368    0000         S    NOP
 M    0369    0000         S    NOP
 M    036A    0000         S    NOP
 M    036B    0000         S    NOP
 M    036C    0000         S    NOP
 M    036D    0000         S    NOP
 M    036E    0000         S    NOP
 M    036F    0000         S    NOP
 M    0370    0000         S    NOP
 M    0371    0000         S    NOP
 M    0372    0000         S    NOP
 M    0373    0000         S    NOP
 M    0374    0000         S    NOP
 M    0375    0000         S    NOP
 M    0376    0000         S    NOP
 M    0377    0000         S    NOP
 M    0378    0000         S    NOP
 M    0379    0000         S    NOP
 M    037A    0000         S    NOP
 M    037B    0000         S    NOP
 M    037C    0000         S    NOP
 M    037D    0000         S    NOP
 M    037E    0000         S    NOP
 M    037F    0000         S    NOP
 M    0380    0000         S    NOP
 M    0381    0000         S    NOP
 M    0382    0000         S    NOP
 M    0383    0000         S    NOP
 M    0384    0000         S    NOP
 M    0385    0000         S    NOP
 M    0386    0003         S    RETURN
 M    0387    0000         S    NOP
 M    0388    0000         S    NOP
 M    0389    0000         S    NOP
 M    038A    0000         S    NOP
 M    038B    0000         S    NOP
 M    038C    0000         S    NOP
 M    038D    0000         S    NOP
 M    038E    0000         S    NOP
 M    038F    0000         S    NOP
 M    0390    0000         S    NOP
 M    0391    0000         S    NOP
 M    0392    0000         S    NOP
 M    0393    0000         S    NOP
 M    0394    0000         S    NOP
 M    0395    0000         S    NOP
 M    0396    0000         S    NOP
 M    0397    0000         S    NOP
 M    0398    0000         S    NOP
 M    0399    0000         S    NOP
 M    039A    0003         S    RETURN
 M    039B    2041         S    MOVFW     0041H
 M    039C    2237         S    MOVWF     0037H
 M    039D    2042         S    MOVFW     0042H
 M    039E    2238         S    MOVWF     0038H
 M    039F    400A         S    MOVLW     000AH
 M    03A0    1A38         S    SUBWF     0038H  0001H
 M    03A1    4000         S    MOVLW     0000H
 M    03A2    3A37         S    SUBWFC    0037H  0001H
 M    03A3    0236         S    CLRF      0036H
 M    03A4    4100         S    SETDP     0000H
 M    03A5    404A         S    MOVLW     004AH
 M    03A6    2202         S    MOVWF     0002H
 M    03A7    2000         S    MOVFW     0000H
 M    03A8    3236         S    XORWF     0036H  0001H
 M    03A9    0E02         S    INCFSZ    0002H  0001H
 M    03AA    A3AC         S    GOTO      03ACH
 M    03AB    4101         S    SETDP     0001H
 M    03AC    4008         S    MOVLW     0008H
 M    03AD    2234         S    MOVWF     0034H
 M    03AE    2036         S    MOVFW     0036H
 M    03AF    6801         S    ANDLW     0001H
 M    03B0    5800         S    SUBLW     0000H
 M    03B1    E004         S    BTFSC     0004H  0000H
 M    03B2    A3B8         S    GOTO      03B8H
 M    03B3    C204         S    BCF       0004H  0001H
 M    03B4    3C36         S    RRF       0036H  0000H
 M    03B5    708C         S    XORLW     008CH
 M    03B6    2236         S    MOVWF     0036H
 M    03B7    A3BA         S    GOTO      03BAH
 M    03B8    C204         S    BCF       0004H  0001H
 M    03B9    3E36         S    RRF       0036H  0001H
 M    03BA    1634         S    DECFSZ    0034H  0001H
 M    03BB    A3AE         S    GOTO      03AEH
 M    03BC    4001         S    MOVLW     0001H
 M    03BD    1A38         S    SUBWF     0038H  0001H
 M    03BE    4000         S    MOVLW     0000H
 M    03BF    3A37         S    SUBWFC    0037H  0001H
 M    03C0    2037         S    MOVFW     0037H
 M    03C1    5800         S    SUBLW     0000H
 M    03C2    F004         S    BTFSS     0004H  0000H
 M    03C3    A3A7         S    GOTO      03A7H
 M    03C4    2038         S    MOVFW     0038H
 M    03C5    5800         S    SUBLW     0000H
 M    03C6    F004         S    BTFSS     0004H  0000H
 M    03C7    A3A7         S    GOTO      03A7H
 M    03C8    0003         S    RETURN
0025                       S    INCLUDE I2C_CMD_PROTOCOL.ASM
 M    03C9    0008         S    ADDPCW
 M    03CA    4840         S    RETLW     0040H
 M    03CB    4860         S    RETLW     0060H
 M    03CC    4880         S    RETLW     0080H
 M    03CD    48A0         S    RETLW     00A0H
 M    03CE    48C0         S    RETLW     00C0H
 M    03CF    48E0         S    RETLW     00E0H
 M    03D0    4800         S    RETLW     0000H
 M    03D1    4820         S    RETLW     0020H
 M    03D2    4840         S    RETLW     0040H
 M    03D3    4860         S    RETLW     0060H
 M    03D4    4880         S    RETLW     0080H
 M    03D5    48A0         S    RETLW     00A0H
 M    03D6    48C0         S    RETLW     00C0H
 M    03D7    48E0         S    RETLW     00E0H
 M    03D8    4800         S    RETLW     0000H
 M    03D9    4800         S    RETLW     0000H
 M    03DA    4800         S    RETLW     0000H
 M    03DB    4800         S    RETLW     0000H
 M    03DC    402A         S    MOVLW     002AH
 M    03DD    2225         S    MOVWF     0025H
 M    03DE    4007         S    MOVLW     0007H
 M    03DF    2226         S    MOVWF     0026H
 M    03E0    4000         S    MOVLW     0000H
 M    03E1    2227         S    MOVWF     0027H
 M    03E2    4001         S    MOVLW     0001H
 M    03E3    2228         S    MOVWF     0028H
 M    03E4    0003         S    RETURN
 M    03E5    83DC         S    CALL      03DCH
 M    03E6    4025         S    MOVLW     0025H
 M    03E7    2202         S    MOVWF     0002H
 M    03E8    4100         S    SETDP     0000H
 M    03E9    A4B7         S    GOTO      04B7H
 M    03EA    841E         S    CALL      041EH
 M    03EB    2000         S    MOVFW     0000H
 M    03EC    A4B7         S    GOTO      04B7H
 M    03ED    A4B7         S    GOTO      04B7H
 M    03EE    841E         S    CALL      041EH
 M    03EF    A4B7         S    GOTO      04B7H
 M    03F0    DA22         S    BSF       0022H  0005H
 M    03F1    4100         S    SETDP     0000H
 M    03F2    A4B7         S    GOTO      04B7H
 M    03F3    DA22         S    BSF       0022H  0005H
 M    03F4    C622         S    BCF       0022H  0003H
 M    03F5    C421         S    BCF       0021H  0002H
 M    03F6    4040         S    MOVLW     0040H
 M    03F7    2240         S    MOVWF     0040H
 M    03F8    A4B7         S    GOTO      04B7H
 M    03F9    DA22         S    BSF       0022H  0005H
 M    03FA    C622         S    BCF       0022H  0003H
 M    03FB    D421         S    BSF       0021H  0002H
 M    03FC    4040         S    MOVLW     0040H
 M    03FD    2240         S    MOVWF     0040H
 M    03FE    A4B7         S    GOTO      04B7H
 M    03FF    D622         S    BSF       0022H  0003H
 M    0400    A4B7         S    GOTO      04B7H
 M    0401    2020         S    MOVFW     0020H
 M    0402    E020         S    BTFSC     0020H  0000H
 M    0403    A406         S    GOTO      0406H
 M    0404    C21E         S    BCF       001EH  0001H
 M    0405    A407         S    GOTO      0407H
 M    0406    D21E         S    BSF       001EH  0001H
 M    0407    E220         S    BTFSC     0020H  0001H
 M    0408    A40B         S    GOTO      040BH
 M    0409    C41E         S    BCF       001EH  0002H
 M    040A    A40C         S    GOTO      040CH
 M    040B    D41E         S    BSF       001EH  0002H
 M    040C    E420         S    BTFSC     0020H  0002H
 M    040D    A410         S    GOTO      0410H
 M    040E    CA1E         S    BCF       001EH  0005H
 M    040F    A411         S    GOTO      0411H
 M    0410    DA1E         S    BSF       001EH  0005H
 M    0411    A4B7         S    GOTO      04B7H
 M    0412    2020         S    MOVFW     0020H
 M    0413    E020         S    BTFSC     0020H  0000H
 M    0414    A417         S    GOTO      0417H
 M    0415    CC1E         S    BCF       001EH  0006H
 M    0416    A418         S    GOTO      0418H
 M    0417    DC1E         S    BSF       001EH  0006H
 M    0418    E220         S    BTFSC     0020H  0001H
 M    0419    A41C         S    GOTO      041CH
 M    041A    CE1E         S    BCF       001EH  0007H
 M    041B    A41D         S    GOTO      041DH
 M    041C    DE1E         S    BSF       001EH  0007H
 M    041D    A4B7         S    GOTO      04B7H
 M    041E    2020         S    MOVFW     0020H
 M    041F    680F         S    ANDLW     000FH
 M    0420    2220         S    MOVWF     0020H
 M    0421    83C9         S    CALL      03C9H
 M    0422    2202         S    MOVWF     0002H
 M    0423    4006         S    MOVLW     0006H
 M    0424    1820         S    SUBWF     0020H  0000H
 M    0425    E204         S    BTFSC     0004H  0001H
 M    0426    A429         S    GOTO      0429H
 M    0427    4100         S    SETDP     0000H
 M    0428    A42A         S    GOTO      042AH
 M    0429    4101         S    SETDP     0001H
 M    042A    0003         S    RETURN
0026                       S    INCLUDE PERIPHERAL.ASM
 M    042B    D611         S    BSF       0011H  0003H
 M    042C    C011         S    BCF       0011H  0000H
 M    042D    C211         S    BCF       0011H  0001H
 M    042E    C411         S    BCF       0011H  0002H
 M    042F    0207         S    CLRF      0007H
 M    0430    0206         S    CLRF      0006H
 M    0431    DE07         S    BSF       0007H  0007H
 M    0432    0003         S    RETURN
 M    0433    4002         S    MOVLW     0002H
 M    0434    220E         S    MOVWF     000EH
 M    0435    020B         S    CLRF      000BH
 M    0436    0207         S    CLRF      0007H
 M    0437    0206         S    CLRF      0006H
 M    0438    C007         S    BCF       0007H  0000H
 M    0439    CE0E         S    BCF       000EH  0007H
 M    043A    40FF         S    MOVLW     00FFH
 M    043B    2219         S    MOVWF     0019H
 M    043C    40FF         S    MOVLW     00FFH
 M    043D    221A         S    MOVWF     001AH
 M    043E    40EF         S    MOVLW     00EFH
 M    043F    2214         S    MOVWF     0014H
 M    0440    4000         S    MOVLW     0000H
 M    0441    2215         S    MOVWF     0015H
 M    0442    40F7         S    MOVLW     00F7H
 M    0443    2213         S    MOVWF     0013H
 M    0444    40FE         S    MOVLW     00FEH
 M    0445    2217         S    MOVWF     0017H
 M    0446    4000         S    MOVLW     0000H
 M    0447    2218         S    MOVWF     0018H
 M    0448    4000         S    MOVLW     0000H
 M    0449    2216         S    MOVWF     0016H
 M    044A    DE1F         S    BSF       001FH  0007H
 M    044B    0003         S    RETURN
 M    044C    4030         S    MOVLW     0030H
 M    044D    2223         S    MOVWF     0023H
 M    044E    8452         S    CALL      0452H
 M    044F    1623         S    DECFSZ    0023H  0001H
 M    0450    A44E         S    GOTO      044EH
 M    0451    0003         S    RETURN
 M    0452    4010         S    MOVLW     0010H
 M    0453    0000         S    NOP
 M    0454    2224         S    MOVWF     0024H
 M    0455    1624         S    DECFSZ    0024H  0001H
 M    0456    A455         S    GOTO      0455H
 M    0457    0003         S    RETURN
 M    0458    400D         S    MOVLW     000DH
 M    0459    2224         S    MOVWF     0024H
 M    045A    1624         S    DECFSZ    0024H  0001H
 M    045B    A45A         S    GOTO      045AH
 M    045C    0003         S    RETURN
 M    045D    4020         S    MOVLW     0020H
 M    045E    8463         S    CALL      0463H
 M    045F    0003         S    RETURN
 M    0460    4040         S    MOVLW     0040H
 M    0461    8463         S    CALL      0463H
 M    0462    0003         S    RETURN
 M    0463    2202         S    MOVWF     0002H
 M    0464    0200         S    CLRF      0000H
 M    0465    0E02         S    INCFSZ    0002H  0001H
 M    0466    A464         S    GOTO      0464H
 M    0467    4000         S    MOVLW     0000H
 M    0468    2202         S    MOVWF     0002H
 M    0469    4101         S    SETDP     0001H
 M    046A    0200         S    CLRF      0000H
 M    046B    0E02         S    INCFSZ    0002H  0001H
 M    046C    A46A         S    GOTO      046AH
 M    046D    4100         S    SETDP     0000H
 M    046E    0003         S    RETURN
 M    046F    4100         S    SETDP     0000H
 M    0470    0229         S    CLRF      0029H
 M    0471    4040         S    MOVLW     0040H
 M    0472    2202         S    MOVWF     0002H
 M    0473    4001         S    MOVLW     0001H
 M    0474    222A         S    MOVWF     002AH
 M    0475    40C0         S    MOVLW     00C0H
 M    0476    222B         S    MOVWF     002BH
 M    0477    2029         S    MOVFW     0029H
 M    0478    2200         S    MOVWF     0000H
 M    0479    0A29         S    INCF      0029H  0001H
 M    047A    0E02         S    INCFSZ    0002H  0001H
 M    047B    A47D         S    GOTO      047DH
 M    047C    4101         S    SETDP     0001H
 M    047D    162A         S    DECFSZ    002AH  0001H
 M    047E    A477         S    GOTO      0477H
 M    047F    162B         S    DECFSZ    002BH  0001H
 M    0480    A477         S    GOTO      0477H
 M    0481    0000         S    NOP
 M    0482    0003         S    RETURN
0027                       S    INCLUDE INTERRUPT.ASM
 M    0483    F206         S    BTFSS     0006H  0001H
 M    0484    A4B9         S    GOTO      04B9H
 M    0485    E81F         S    BTFSC     001FH  0004H
 M    0486    A48C         S    GOTO      048CH
 M    0487    FC1F         S    BTFSS     001FH  0006H
 M    0488    A4B7         S    GOTO      04B7H
 M    0489    F822         S    BTFSS     0022H  0004H
 M    048A    A49A         S    GOTO      049AH
 M    048B    A495         S    GOTO      0495H
 M    048C    EC1F         S    BTFSC     001FH  0006H
 M    048D    A493         S    GOTO      0493H
 M    048E    0A02         S    INCF      0002H  0001H
 M    048F    2000         S    MOVFW     0000H
 M    0490    DC1F         S    BSF       001FH  0006H
 M    0491    0206         S    CLRF      0006H
 M    0492    0002         S    RETFIE
 M    0493    0206         S    CLRF      0006H
 M    0494    0002         S    RETFIE
 M    0495    4300         S    MOVI2CW
 M    0496    2200         S    MOVWF     0000H
 M    0497    0A02         S    INCF      0002H  0001H
 M    0498    0206         S    CLRF      0006H
 M    0499    0002         S    RETFIE
 M    049A    D822         S    BSF       0022H  0004H
 M    049B    4300         S    MOVI2CW
 M    049C    2220         S    MOVWF     0020H
 M    049D    4C20         S    SWAPF     0020H  0000H
 M    049E    680F         S    ANDLW     000FH
 M    049F    0008         S    ADDPCW
 M    04A0    A4B0         S    GOTO      04B0H
 M    04A1    A3EE         S    GOTO      03EEH
 M    04A2    A3F0         S    GOTO      03F0H
 M    04A3    A3F9         S    GOTO      03F9H
 M    04A4    A3F3         S    GOTO      03F3H
 M    04A5    A3FF         S    GOTO      03FFH
 M    04A6    A3E5         S    GOTO      03E5H
 M    04A7    A3EA         S    GOTO      03EAH
 M    04A8    A401         S    GOTO      0401H
 M    04A9    A412         S    GOTO      0412H
 M    04AA    A4B0         S    GOTO      04B0H
 M    04AB    A4B0         S    GOTO      04B0H
 M    04AC    A4B0         S    GOTO      04B0H
 M    04AD    A4B0         S    GOTO      04B0H
 M    04AE    A4B0         S    GOTO      04B0H
 M    04AF    A4B0         S    GOTO      04B0H
 M    04B0    C60E         S    BCF       000EH  0003H
 M    04B1    C807         S    BCF       0007H  0004H
 M    04B2    C207         S    BCF       0007H  0001H
 M    04B3    CE07         S    BCF       0007H  0007H
 M    04B4    0206         S    CLRF      0006H
 M    04B5    D021         S    BSF       0021H  0000H
 M    04B6    0002         S    RETFIE
 M    04B7    0206         S    CLRF      0006H
 M    04B8    0002         S    RETFIE
 M    04B9    0206         S    CLRF      0006H
 M    04BA    CE0E         S    BCF       000EH  0007H
 M    04BB    D60E         S    BSF       000EH  0003H
 M    04BC    C611         S    BCF       0011H  0003H
 M    04BD    CE11         S    BCF       0011H  0007H
 M    04BE    C422         S    BCF       0022H  0002H
 M    04BF    0002         S    RETFIE
 M    04C0    C007         S    BCF       0007H  0000H
 M    04C1    A000         S    GOTO      0000H
 M    04C2    E406         S    BTFSC     0006H  0002H
 M    04C3    A4D0         S    GOTO      04D0H
 M    04C4    C806         S    BCF       0006H  0004H
 M    04C5    40FF         S    MOVLW     00FFH
 M    04C6    222B         S    MOVWF     002BH
 M    04C7    40FF         S    MOVLW     00FFH
 M    04C8    222A         S    MOVWF     002AH
 M    04C9    202F         S    MOVFW     002FH
 M    04CA    222D         S    MOVWF     002DH
 M    04CB    202E         S    MOVFW     002EH
 M    04CC    222C         S    MOVWF     002CH
 M    04CD    D422         S    BSF       0022H  0002H
 M    04CE    D622         S    BSF       0022H  0003H
 M    04CF    0002         S    RETFIE
 M    04D0    E422         S    BTFSC     0022H  0002H
 M    04D1    A4DF         S    GOTO      04DFH
 M    04D2    200C         S    MOVFW     000CH
 M    04D3    222B         S    MOVWF     002BH
 M    04D4    200D         S    MOVFW     000DH
 M    04D5    222A         S    MOVWF     002AH
 M    04D6    202F         S    MOVFW     002FH
 M    04D7    222D         S    MOVWF     002DH
 M    04D8    202E         S    MOVFW     002EH
 M    04D9    222C         S    MOVWF     002CH
 M    04DA    022F         S    CLRF      002FH
 M    04DB    022E         S    CLRF      002EH
 M    04DC    D422         S    BSF       0022H  0002H
 M    04DD    C60E         S    BCF       000EH  0003H
 M    04DE    D611         S    BSF       0011H  0003H
 M    04DF    0E2F         S    INCFSZ    002FH  0001H
 M    04E0    A4E2         S    GOTO      04E2H
 M    04E1    0A2E         S    INCF      002EH  0001H
 M    04E2    CE11         S    BCF       0011H  0007H
 M    04E3    0206         S    CLRF      0006H
 M    04E4    0002         S    RETFIE
0028                       S    
0029                       S    
0030                       S    
0031                       S    
0032                       S    MAIN:
0033  04E5    0000         S    		NOP
0034  04E6    0000         S    		NOP
0035  04E7    0000         S    		NOP
0036  04E8    E604         S    		BTFSC	STATUS,TO
0037  04E9    A526         S    		GOTO	WDTC_STATUS
0038  04EA    400E         S    		MOVLW	0EH
0039  04EB    221D         S    		MOVWF	WDTCTR
0040  04EC    0006         S    		CLRWDT
0041                       S    MAIN_START:
0042  04ED    8433         S    		CALL	SYSINI
0043  04EE    845D         S    		CALL	RAMSCLEARALL
0044  04EF    83DC         S    		CALL	INIVERSION
0045                       S    	
0046                       S    
0047                       S    
0048                       S    
0049                       S    SLEEPMODE:
0050  04F0    802D         S    		CALL	NOP1000
0051  04F1    CE1E         S    		BCF     RMTCTR,SENS_CURT1
0052  04F2    CC1E         S    		BCF     RMTCTR,SENS_CURT0
0053  04F3    C81E         S    		BCF     RMTCTR,RX_EN				
0054  04F4    C61E         S    		BCF     RMTCTR,TX_EN			 ;RX_EN=0,TX_EN=0 ½ûÖ¹·¢Éä£¬½ûÖ¹½ÓÊÕ-->½µµÍ¹¦ºÄ
0055  04F5    DA1E         S    		BSF     RMTCTR,PWM_CURT
0056  04F6    D41E         S    		BSF     RMTCTR,PWM_CURT1		;µçÁ÷ÉèÖÃ1	
0057  04F7    D21E         S    		BSF     RMTCTR,PWM_CURT0		;µçÁ÷ÉèÖÃ0
0058                       S    
0059  04F8    D41F         S    		BSF		I2CCON,I2C_PT15				;PT1.5 OD(¿ªÂ©¹¦ÄÜ)´ò¿ª
0060  04F9    DE1F         S    		BSF		I2CCON,I2C_EN				;ENABLE I2C PORT(PT1_4(SCL), PT1_3(SDA))
0061  04FA    C607         S    		BCF		INTE,TMBIE
0062                       S    SLEEPMODE_1:		
0063                       S    		;MOVLW	06H
0064                       S    		;MOVWF	WDTCTR
0065                       S    		;CLRWDT
0066  04FB    0222         S    		CLRF	FLAG1
0067  04FC    4004         S    		MOVLW	04H
0068  04FD    221D         S    		MOVWF	WDTCTR
0069  04FE    0006         S    		CLRWDT
0070                       S    
0071                       S    
 M    04FF    CA14         S    BCF       0014H  0005H
 M    0500    DA13         S    BSF       0013H  0005H
0072                       S    		_ET4207_NOT_BUSY_
0073                       S    
0074  0501    C207         S    		BCF		INTE,I2CIE ;DISABLE I2C INTERRPUT
0075  0502    CE07         S    		BCF		INTE,GIE
0076  0503    0206         S    		CLRF	INTF
0077  0504    C822         S    		BCF		FLAG1,ISCMDBYTE
0078                       S    	;	BSF		FLAG,ISLEARNREC
0079  0505    0004         S    		SLEEP
0080                       S    	;	GOTO	LEARN_RMT
0081  0506    0000         S    		NOP
0082  0507    0000         S    		NOP
0083  0508    400D         S    		MOVLW	0DH
0084  0509    221D         S    		MOVWF	WDTCTR
 M    050A    DA14         S    BSF       0014H  0005H
 M    050B    CA13         S    BCF       0013H  0005H
0085                       S    		_ET4207_BUSY_
0086                       S    	
0087                       S    
0088                       S    
0089                       S    ;I2C:		
0090                       S    			;MOVFW	PPACKPOINTER
0091                       S    			;MOVWF	FRS0
0092  050C    D207         S    		BSF		INTE, I2CIE ;ENABLE I2C INTERRPUT
0093  050D    DE07         S    		BSF		INTE, GIE ;ENABLE GLOBLE INTERRUPT 
0094                       S    I2CWATINGFORSTOP:
0095                       S    	;	BTFSC   FLAG, ISERROR  ;IF CMD IS ERROR GOTO SLEEP MODE
0096                       S    ;		GOTO	SLEEPMODE_1
0097  050E    FA1F         S    		BTFSS   I2CCON, I2C_STO  ;IF I2C_STO=1, DEAL WITH DATA, OTHER WAIT
0098  050F    A50E         S    		GOTO	I2CWATINGFORSTOP
0099  0510    C207         S    		BCF		INTE,I2CIE ;DISABLE I2C INTERRPUT
0100  0511    CE07         S    		BCF		INTE,GIE
0101  0512    C822         S    		BCF		FLAG1,ISCMDBYTE
0102                       S    			
0103  0513    EA22         S    		BTFSC	FLAG1,ISCMDEND
0104  0514    A516         S    		GOTO	MAINSTART
0105                       S    
0106  0515    A4FB         S    		GOTO	SLEEPMODE_1
0107                       S    	
0108                       S    MAINSTART:
0109  0516    2040         S    		MOVFW	_WRITE_CMD_DATA
0110  0517    5840         S    		SUBLW	40H
0111  0518    E004         S    		BTFSC	STATUS,Z
0112  0519    A524         S    		GOTO	RMT_LEARN_START
0113  051A    2040         S    		MOVFW	_WRITE_CMD_DATA
0114  051B    5854         S    		SUBLW	054H
0115  051C    E004         S    		BTFSC	STATUS,Z
0116  051D    8224         S    		CALL	CONSUMERIR_START
0117  051E    2040         S    		MOVFW	_WRITE_CMD_DATA
0118  051F    5855         S    		SUBLW	055H
0119  0520    E004         S    		BTFSC	STATUS,Z
0120  0521    822E         S    		CALL	TIANJIA_START
0121  0522    0000         S    		NOP
0122  0523    A4F0         S    		GOTO	SLEEPMODE	
0123                       S    RMT_LEARN_START:
0124                       S    	;	BSF		TCCONA,CAPSEL
0125  0524    8460         S    		CALL	LEARN_RAM_CLR
0126  0525    A0A5         S    		GOTO	LEARN_RMT
0127                       S    	
0128                       S    
0129                       S    
0130                       S    
0131                       S    
0132                       S    
0133                       S    WDTC_STATUS:
0134  0526    0000         S    		NOP
0135  0527    0204         S    		CLRF	STATUS
0136  0528    A4ED         S    		GOTO	MAIN_START
0137                       S    
0138                       S    
0139                       S    
0140                       S    	 
0141                       S    
0142                       S    
0143                       S    		END                =================== << SYMBOL TABLE LISTING >> ========================
NAME                                    TYPE    VALUE  ATTRIBUTE   LINE
-----------------------------------------------------------------------
MAINSTART                               N NUMB  0516H
SLEEPMODE                               N NUMB  04F0H
SYSINI                                  N NUMB  0433H
LEARN_XCAL_CRC_LOOP_8TIMES_REASULT_0                    N NUMB  020AH
REC_WAIT_DOWN_EDGE                      N NUMB  008FH
NOP34                                   N NUMB  004DH
NOP42                                   N NUMB  0045H
NOP500                                  N NUMB  0033H
NOP3500                                 N NUMB  0028H
NOP6000                                 N NUMB  0023H
_NPAIRS_H                               N NUMB  0044H
FREQL2                                  N NUMB  0063H
N_PARTINDEXCOUNT                        N NUMB  004CH
SAMPLE0_NLOWLEVEL_H                     N NUMB  003FH
FLAG1                                   N NUMB  0022H
BUSY                                    N NUMB  0005H
BPT10                                   N NUMB  0000H
TCRSTB                                  N NUMB  0007H
DUTY_SEL1                               N NUMB  0006H
PWMEN                                   N NUMB  0003H
I2CIE                                   N NUMB  0001H
CAPIF                                   N NUMB  0002H
FRS1                                    N NUMB  0003H
WDTC_STATUS                             N NUMB  0526H
I2CWATINGFORSTOP                        N NUMB  050EH
READVERSION                             N NUMB  03E5H
NEG                                     N NUMB  021BH
LEARN_XCAL_CRC_LOOP_LOOP_8TIMES_END                    N NUMB  020CH
LEARN_XCAL_CRC                          N NUMB  01F9H
NOP17                                   N NUMB  005EH
NOP37                                   N NUMB  004AH
NOP43                                   N NUMB  0044H
NOP650                                  N NUMB  0030H
NOP1000                                 N NUMB  002DH
_LENGTH_H_TEMP                          N NUMB  0037H
_CRC_TEMP                               N NUMB  0036H
_FREQ                                   N NUMB  0043H
FREQL1                                  N NUMB  0061H
FREQH                                   N NUMB  004EH
BPT11                                   N NUMB  0001H
TCRSTA                                  N NUMB  0007H
TMBIE                                   N NUMB  0003H
TMAIF                                   N NUMB  0004H
I2CIF                                   N NUMB  0001H
TO                                      N NUMB  0003H
DC                                      N NUMB  0002H
OSC_TEST                                N NUMB  001FH
I2C_STO                                 N NUMB  0005H
I2CCON                                  N NUMB  001FH
TSETB                                   N NUMB  000FH
INIT_RAM1                               N NUMB  0477H
XCAL_CRC_LOOP_LOOP_8TIMES_END                    N NUMB  03BAH
CONSUMERIR_DECODE_END                    N NUMB  0303H
LEARN_OUT                               N NUMB  01F5H
LEARN_DECODE                            N NUMB  01C8H
NOP16                                   N NUMB  005FH
NOP36                                   N NUMB  004BH
NOP44                                   N NUMB  0043H
NOP250                                  N NUMB  0038H
TIANJIA_TEMP1                           N NUMB  002CH
ISHIGHLOW                               N NUMB  0002H
FLAG                                    N NUMB  0021H
CAPPHA                                  N NUMB  0004H
LVD_F                                   N NUMB  0005H
I2C_PT15                                N NUMB  0002H
PT1EN                                   N NUMB  0014H
KEY_VALUE                               N NUMB  0012H
TCOUTB                                  N NUMB  0010H
TCOUTAH                                 N NUMB  000DH
TSETAH                                  N NUMB  000AH
INITVALUE                               N NUMB  046FH
DELAY_40US                              N NUMB  0452H
INITINTP                                N NUMB  042BH
WRITEEND                                N NUMB  03F0H
TIANJIAEND                              N NUMB  0286H
SAMPLECOMPARE_1                         N NUMB  0162H
REC_LEARN_END                           N NUMB  0099H
REC_WAIT_UP_EDGE                        N NUMB  0086H
NOP15                                   N NUMB  0060H
NOP31                                   N NUMB  0050H
NOP550                                  N NUMB  0032H
NOP3000                                 N NUMB  0029H
FREQH4                                  N NUMB  0066H
_LENGTH_H_LEARN                         N NUMB  0048H
NPARTINDEXCOUNT                         N NUMB  0035H
P_SAMPLE                                N NUMB  0033H
DELTA_ABS_L                             N NUMB  0030H
M6_CK                                   N NUMB  0006H
I2C_PT14                                N NUMB  0001H
WDTEN                                   N NUMB  0003H
PT2SEL                                  N NUMB  001AH
PT2                                     N NUMB  0016H
PT1PU                                   N NUMB  0015H
INTE                                    N NUMB  0007H
RMT_LEARN_START                         N NUMB  0524H
SLEEPMODE_1                             N NUMB  04FBH
TIMBINTERRUPT                           N NUMB  04B9H
XCAL_CRC_LOOP_8TIMES_REASULT_0                    N NUMB  03B8H
LEARN_XCAL_CRC_LOOP                     N NUMB  01F9H
SAMPLECOMPARE_0                         N NUMB  013BH
LEARN_RMT                               N NUMB  00A5H
RECEIVER_START                          N NUMB  006DH
NOP14                                   N NUMB  0061H
NOP22                                   N NUMB  0059H
NOP30                                   N NUMB  0051H
NOP46                                   N NUMB  0042H
NOP51                                   N NUMB  003DH
NOP150                                  N NUMB  003AH
NOP600                                  N NUMB  0031H
NOP2000                                 N NUMB  002BH
NOP9000                                 N NUMB  001DH
_CRC                                    N NUMB  0049H
_LENGTH_H                               N NUMB  0041H
_LENGTH_L_LEARN                         N NUMB  0049H
SAMPLE0_NLOWLEVEL_L                     N NUMB  0040H
NVERSION4                               N NUMB  0028H
PWM_CURT                                N NUMB  0005H
TMAIE                                   N NUMB  0004H
TMBIF                                   N NUMB  0003H
PT1                                     N NUMB  0013H
INTF                                    N NUMB  0006H
DLOOP2MS                                N NUMB  044EH
SETLEARN                                N NUMB  0412H
CONSUMERIR_START                        N NUMB  0224H
LEARN_NEXT                              N NUMB  01BCH
LEARN_CAP_WAIT                          N NUMB  00D6H
NOP13                                   N NUMB  0062H
NOP23                                   N NUMB  0058H
NOP33                                   N NUMB  004EH
NOP47                                   N NUMB  0041H
NOP50                                   N NUMB  003EH
NOP100                                  N NUMB  003BH
NOP2500                                 N NUMB  002AH
_WRITE_CMD_DATA                         N NUMB  0040H
FREQL                                   N NUMB  004FH
_LEARN_FLAG                             N NUMB  004AH
RX_EN                                   N NUMB  0004H
CAPDEB                                  N NUMB  0005H
E0IE                                    N NUMB  0000H
RST_FLAG_1                              N NUMB  0007H
RST_FLAG_0                              N NUMB  0006H
PT1SEL                                  N NUMB  0019H
MCK                                     N NUMB  0008H
WORK                                    N NUMB  0005H
INTERRUPT_06H                           N NUMB  04C2H
I2CINTERRUPTEND                         N NUMB  04B7H
ERROR                                   N NUMB  04B0H
CMDDEAL                                 N NUMB  049AH
INTERRUPT_0CH                           N NUMB  0483H
DELAY_40US_L                            N NUMB  0458H
REMOTER_CODE_RESTONE                    N NUMB  01C8H
REC_WAIT_FIRST_DOWN_EDGE                    N NUMB  007EH
NOP12                                   N NUMB  0063H
NOP20                                   N NUMB  005BH
NOP32                                   N NUMB  004FH
NOP6500                                 N NUMB  0022H
DELAY150MS                              N NUMB  0013H
TIANJIA_TEMP5                           N NUMB  0031H
P_PARTINDEXCOUNT                        N NUMB  0032H
NWRITEBYTECOUNT_H                       N NUMB  002AH
REC                                     N NUMB  0004H
CAPSEL                                  N NUMB  0006H
PWM_PORT_SEL_2                          N NUMB  0002H
PWM_PORT_SEL_1                          N NUMB  0001H
PWM_PORT_SEL_0                          N NUMB  0000H
PT1MR                                   N NUMB  001BH
PT2PU                                   N NUMB  0018H
TCOUTAL                                 N NUMB  000CH
TSETAL                                  N NUMB  0009H
MAIN                                    N NUMB  04E5H
I2CWRITEDATA                            N NUMB  0495H
READEND                                 N NUMB  03EDH
NOP11                                   N NUMB  0064H
NOP21                                   N NUMB  005AH
NOP48                                   N NUMB  0040H
START                                   N NUMB  0000H
POINTER0                                N NUMB  004AH
_LEARN1                                 N NUMB  0047H
DELTA_ABS_H                             N NUMB  0031H
NVERSION1                               N NUMB  0025H
ISLEARNREC                              N NUMB  0002H
ADDRESS_SAMPLE                          N NUMB  0100H
BPT23                                   N NUMB  0003H
M4_CK                                   N NUMB  0004H
TX_EN                                   N NUMB  0003H
PWM_SEL                                 N NUMB  0007H
INTERRUPT_TIMERA                        N NUMB  04C4H
CONSUMERIR_DECODELOOP                    N NUMB  02A8H
PUSH_TIME_REG                           N NUMB  009DH
REC_SET_REG                             N NUMB  0071H
NOP10                                   N NUMB  0065H
NOP26                                   N NUMB  0055H
NOP49                                   N NUMB  003FH
_LENGTH_L_TEMP                          N NUMB  0038H
POINTER1                                N NUMB  004AH
_LENGTH_L                               N NUMB  0042H
SAMPLE0_NHIGHLEVEL_L                    N NUMB  003EH
SAMPLE0_NHIGHLEVEL_H                    N NUMB  003DH
NHIGHLEVEL_L                            N NUMB  002DH
NHIGHLEVEL_H                            N NUMB  002CH
BPT22                                   N NUMB  0002H
M0_CK                                   N NUMB  0000H
TCOUTA_DIR                              N NUMB  0004H
E0IF                                    N NUMB  0000H
I2C_PT13                                N NUMB  0000H
I2C_ADDR                                N NUMB  0003H
I2C_EN                                  N NUMB  0007H
MAIN_START                              N NUMB  04EDH
INTERRUPT_CAPTURE_INC                    N NUMB  04DFH
I2CREADDATAEND                          N NUMB  0493H
DLOOP1                                  N NUMB  045AH
DELAY_2MS                               N NUMB  044CH
SETCURRENT                              N NUMB  0401H
SAMPLECOMPARE_LOOP                      N NUMB  0133H
NOP8                                    N NUMB  0067H
NOP27                                   N NUMB  0054H
NOP200                                  N NUMB  0039H
NOP1500                                 N NUMB  002CH
NOP8000                                 N NUMB  001FH
_HIGH_H                                 N NUMB  0030H
N_INDEX                                 N NUMB  004EH
SAMPLE1_NLOWLEVEL_L                     N NUMB  0044H
NCOUNT                                  N NUMB  0029H
NVERSION3                               N NUMB  0027H
BPT21                                   N NUMB  0001H
M2_CK                                   N NUMB  0002H
M7_CK                                   N NUMB  0007H
CCLKB_SEL2                              N NUMB  0002H
CCLKB_SEL1                              N NUMB  0001H
CCLKB_SEL0                              N NUMB  0000H
Z                                       N NUMB  0000H
RMTCTR                                  N NUMB  001EH
CLEARRAMS                               N NUMB  0463H
DLOOP0                                  N NUMB  0455H
STOPRMTLEARN                            N NUMB  03FFH
READCODE                                N NUMB  03EAH
LEARN_ERROR                             N NUMB  01F1H
NOP9                                    N NUMB  0066H
NOP24                                   N NUMB  0057H
NOP8500                                 N NUMB  001EH
NOP10000                                N NUMB  001BH
NOP30000                                N NUMB  0019H
_NPAIRS_H_TEMP                          N NUMB  0039H
SAMPLE1_NHIGHLEVEL_L                    N NUMB  0042H
SAMPLE1_NHIGHLEVEL_H                    N NUMB  0041H
NWRITEBYTECOUNT_L                       N NUMB  002BH
NVERSION2                               N NUMB  0026H
BLEARNEND                               N NUMB  0003H
_DELTA_LOWLEVEL_H_                      N NUMB  0000H
BPT20                                   N NUMB  0000H
M5_CK                                   N NUMB  0005H
PWM_CURT0                               N NUMB  0001H
PD                                      N NUMB  0004H
I2C_READY                               N NUMB  0006H
STATUS                                  N NUMB  0004H
LEARN_RAM_CLR                           N NUMB  0460H
STARTRECLEARN                           N NUMB  03F9H
CONSUMERIR_REMOTE                       N NUMB  0286H
NOP25                                   N NUMB  0056H
NOP5500                                 N NUMB  0024H
NOP7500                                 N NUMB  0020H
_LOW_L                                  N NUMB  0033H
_FORM_H                                 N NUMB  0046H
INDEX_BIT                               N NUMB  0045H
NINDEXCOUNT_L                           N NUMB  0037H
NLOWLEVEL_H                             N NUMB  002AH
_DELTA_HIGHLEVEL_L_                     N NUMB  0003H
_DELTA_HIGHLEVEL_H_                     N NUMB  0000H
BPT27                                   N NUMB  0007H
BPT16                                   N NUMB  0006H
PWM_CURT1                               N NUMB  0002H
RMT_IN                                  N NUMB  0000H
TCENA                                   N NUMB  0003H
RAMSCLEARALL                            N NUMB  045DH
STARTRMTLEARN                           N NUMB  03F3H
ROMTAB                                  N NUMB  03C9H
TIANJIA_START                           N NUMB  022EH
LEARN_END                               N NUMB  01C9H
STORENEWSAMPLE                          N NUMB  018CH
NOP39                                   N NUMB  0048H
NOP9500                                 N NUMB  001CH
NOP50000                                N NUMB  0017H
_REPEAT                                 N NUMB  0048H
BRMTOUT_LEARN                           N NUMB  0001H
_INDEX                                  N NUMB  0040H
ADDRESS_INDEX                           N NUMB  00C0H
BPT26                                   N NUMB  0006H
BPT17                                   N NUMB  0007H
WDTCTR                                  N NUMB  001DH
IND0                                    N NUMB  0000H
F                                       N NUMB  0001H
W                                       N NUMB  0000H
INTERRUPT_EXT                           N NUMB  04C0H
CLEARRAMLOOP_H                          N NUMB  046AH
CLEARRAMLOOP_L                          N NUMB  0464H
INIVERSION                              N NUMB  03DCH
NOP4                                    N NUMB  006BH
NOP38                                   N NUMB  0049H
NOP400                                  N NUMB  0035H
NOP4000                                 N NUMB  0027H
TIANJIACODE_1                           N NUMB  0023H
_INDEX_1                                N NUMB  0035H
_HIGH_L                                 N NUMB  0031H
_NPAIRS_L                               N NUMB  0045H
FREQH3                                  N NUMB  0064H
N_SAMPLE                                N NUMB  004DH
SAMPLE1_NLOWLEVEL_H                     N NUMB  0043H
ISCMDBYTE                               N NUMB  0004H
BTIMERB_CALCULATE                       N NUMB  0000H
TEMP                                    N NUMB  0020H
BPT25                                   N NUMB  0005H
BPT14                                   N NUMB  0004H
SENS_CURT1                              N NUMB  0007H
SENS_CURT0                              N NUMB  0006H
CCLKA_SEL2                              N NUMB  0002H
CCLKA_SEL1                              N NUMB  0001H
CCLKA_SEL0                              N NUMB  0000H
GIE                                     N NUMB  0007H
TCCONB                                  N NUMB  0011H
IND1                                    N NUMB  0001H
INTERRUPT_CAPTURE                       N NUMB  04D0H
I2CREADDATA                             N NUMB  048CH
XCAL_CRC                                N NUMB  039BH
NOP5                                    N NUMB  006AH
NOP350                                  N NUMB  0036H
NOP450                                  N NUMB  0034H
NOP7000                                 N NUMB  0021H
NOP40000                                N NUMB  0018H
FREQH2                                  N NUMB  0062H
NEW_NHIGHLEVEL_L                        N NUMB  002FH
NEW_NHIGHLEVEL_H                        N NUMB  002EH
DELAYCT1                                N NUMB  0024H
_DELTA_LOWLEVEL_L_                      N NUMB  0032H
BPT24                                   N NUMB  0004H
BPT15                                   N NUMB  0005H
M1_CK                                   N NUMB  0001H
M3_CK                                   N NUMB  0003H
TCENB                                   N NUMB  0003H
PT2EN                                   N NUMB  0017H
GETADDRESSINDEX2                        N NUMB  042AH
GETADDRESSINDEX1                        N NUMB  0429H
GETADDRESSINDEX                         N NUMB  041EH
WRITECODE                               N NUMB  03EEH
XCAL_CRC_LOOP_LOOP_8TIMES                    N NUMB  03AEH
XCAL_CRC_LOOP                           N NUMB  03A7H
TIMER_DELAY_BASE                        N NUMB  0304H
LEARN_XCAL_CRC_LOOP_LOOP_8TIMES                    N NUMB  0200H
NOP6                                    N NUMB  0069H
NOP19                                   N NUMB  005CH
NOP28                                   N NUMB  0053H
NOP40                                   N NUMB  0047H
NOP300                                  N NUMB  0037H
_NPAIRS_L_TEMP                          N NUMB  003AH
_TEMP1                                  N NUMB  0034H
_LOW_H                                  N NUMB  0032H
_FORM_L                                 N NUMB  0047H
FREQL4                                  N NUMB  0067H
FREQH1                                  N NUMB  0060H
NINDEXCOUNT_H                           N NUMB  0036H
P_INDEX                                 N NUMB  0034H
NLOWLEVEL_L                             N NUMB  002BH
DELAYCT0                                N NUMB  0023H
BPT12                                   N NUMB  0002H
C                                       N NUMB  0001H
PT2MR                                   N NUMB  001CH
PWMCON                                  N NUMB  000BH
TIANJIA004                              N NUMB  0279H
TIANJIA003                              N NUMB  0272H
TIANJIA005                              N NUMB  0266H
TIANJIA002                              N NUMB  0259H
TIANJIA001                              N NUMB  0252H
TIANJIA000                              N NUMB  0237H
NOP7                                    N NUMB  0068H
NOP18                                   N NUMB  005DH
NOP29                                   N NUMB  0052H
NOP35                                   N NUMB  004CH
NOP41                                   N NUMB  0046H
NOP4500                                 N NUMB  0026H
NOP5000                                 N NUMB  0025H
NOP20000                                N NUMB  001AH
TIANJIA_TEMP2                           N NUMB  002DH
TIANJIACODE_2                           N NUMB  0024H
FREQL3                                  N NUMB  0065H
N_CRC                                   N NUMB  004BH
_CRC_LEARN                              N NUMB  0046H
ISCMDEND                                N NUMB  0005H
ISERROR                                 N NUMB  0000H
ADDRESS_PARTINDEXCOUNT                    N NUMB  0050H
BPT13                                   N NUMB  0003H
DUTY_SEL0                               N NUMB  0005H
CAPIE                                   N NUMB  0002H
I2C_RW                                  N NUMB  0004H
TCCONA                                  N NUMB  000EH
FRS0                                    N NUMB  0002H
