Added Component: Designator=P1(HDR2X15)
Add component. Clean all parameters for all variants
Add component (AddParameter): Name = "LatestRevisionDate"; Value = "17-Jul-2002"; VariantName = "[No Variations]"
Add component (AddParameter): Name = "LatestRevisionNote"; Value = "Re-released for DXP Platform."; VariantName = "[No Variations]"
Add component (AddParameter): Name = "Publisher"; Value = "Altium Limited"; VariantName = "[No Variations]"
Added Component: Designator=P2(DIP30-2.0)
Add component. Clean all parameters for all variants
Add component (AddParameter): Name = "LatestRevisionDate"; Value = "17-Jul-2002"; VariantName = "[No Variations]"
Add component (AddParameter): Name = "LatestRevisionNote"; Value = "Re-released for DXP Platform."; VariantName = "[No Variations]"
Add component (AddParameter): Name = "Publisher"; Value = "Altium Limited"; VariantName = "[No Variations]"
Added Pin To Net: NetName=GND Pin=P1-2
Added Pin To Net: NetName=GND Pin=P1-30
Added Pin To Net: NetName=GND Pin=P2-2
Added Pin To Net: NetName=GND Pin=P2-30
Added Pin To Net: NetName=3V3 Pin=P1-1
Added Pin To Net: NetName=3V3 Pin=P2-1
Added Net: Name=3V3
Added Pin To Net: NetName=5V Pin=P1-29
Added Pin To Net: NetName=5V Pin=P2-29
Added Net: Name=5V
Added Pin To Net: NetName=CLK1/IEMCLK Pin=P1-25
Added Pin To Net: NetName=CLK1/IEMCLK Pin=P2-25
Added Net: Name=CLK1/IEMCLK
Added Pin To Net: NetName=CS0 Pin=P1-10
Added Pin To Net: NetName=CS0 Pin=P2-10
Added Net: Name=CS0
Added Pin To Net: NetName=CS1/IEMDAT Pin=P1-27
Added Pin To Net: NetName=CS1/IEMDAT Pin=P2-27
Added Net: Name=CS1/IEMDAT
Added Pin To Net: NetName=EINT11 Pin=P1-16
Added Pin To Net: NetName=EINT11 Pin=P2-16
Added Net: Name=EINT11
Added Pin To Net: NetName=EINT12 Pin=P1-12
Added Pin To Net: NetName=EINT12 Pin=P2-12
Added Net: Name=EINT12
Added Pin To Net: NetName=EINT13 Pin=P1-11
Added Pin To Net: NetName=EINT13 Pin=P2-11
Added Net: Name=EINT13
Added Pin To Net: NetName=EINT26 Pin=P1-22
Added Pin To Net: NetName=EINT26 Pin=P2-22
Added Net: Name=EINT26
Added Pin To Net: NetName=EINT27 Pin=P1-24
Added Pin To Net: NetName=EINT27 Pin=P2-24
Added Net: Name=EINT27
Added Pin To Net: NetName=EINT28 Pin=P1-26
Added Pin To Net: NetName=EINT28 Pin=P2-26
Added Net: Name=EINT28
Added Pin To Net: NetName=EINT29 Pin=P1-28
Added Pin To Net: NetName=EINT29 Pin=P2-28
Added Net: Name=EINT29
Added Pin To Net: NetName=I2C0_SCL Pin=P1-5
Added Pin To Net: NetName=I2C0_SCL Pin=P2-5
Added Net: Name=I2C0_SCL
Added Pin To Net: NetName=I2C0_SDA Pin=P1-6
Added Pin To Net: NetName=I2C0_SDA Pin=P2-6
Added Net: Name=I2C0_SDA
Added Pin To Net: NetName=MCLK Pin=P1-9
Added Pin To Net: NetName=MCLK Pin=P2-9
Added Net: Name=MCLK
Added Pin To Net: NetName=MISO0 Pin=P1-8
Added Pin To Net: NetName=MISO0 Pin=P2-8
Added Net: Name=MISO0
Added Pin To Net: NetName=MISO1/I2C5SDA Pin=P1-21
Added Pin To Net: NetName=MISO1/I2C5SDA Pin=P2-21
Added Net: Name=MISO1/I2C5SDA
Added Pin To Net: NetName=MMC3CD Pin=P1-15
Added Pin To Net: NetName=MMC3CD Pin=P2-15
Added Net: Name=MMC3CD
Added Pin To Net: NetName=MMC3CLK Pin=P1-13
Added Pin To Net: NetName=MMC3CLK Pin=P2-13
Added Net: Name=MMC3CLK
Added Pin To Net: NetName=MMC3CMD Pin=P1-14
Added Pin To Net: NetName=MMC3CMD Pin=P2-14
Added Net: Name=MMC3CMD
Added Pin To Net: NetName=MMCDATA0 Pin=P1-17
Added Pin To Net: NetName=MMCDATA0 Pin=P2-17
Added Net: Name=MMCDATA0
Added Pin To Net: NetName=MMCDATA1 Pin=P1-18
Added Pin To Net: NetName=MMCDATA1 Pin=P2-18
Added Net: Name=MMCDATA1
Added Pin To Net: NetName=MMCDATA2 Pin=P1-19
Added Pin To Net: NetName=MMCDATA2 Pin=P2-19
Added Net: Name=MMCDATA2
Added Pin To Net: NetName=MMCDATA3 Pin=P1-20
Added Pin To Net: NetName=MMCDATA3 Pin=P2-20
Added Net: Name=MMCDATA3
Added Pin To Net: NetName=MOSI0 Pin=P1-7
Added Pin To Net: NetName=MOSI0 Pin=P2-7
Added Net: Name=MOSI0
Added Pin To Net: NetName=MOSI1/I2C5SCL Pin=P1-23
Added Pin To Net: NetName=MOSI1/I2C5SCL Pin=P2-23
Added Net: Name=MOSI1/I2C5SCL
Added Pin To Net: NetName=RXD2 Pin=P1-4
Added Pin To Net: NetName=RXD2 Pin=P2-4
Added Net: Name=RXD2
Added Pin To Net: NetName=TXD2 Pin=P1-3
Added Pin To Net: NetName=TXD2 Pin=P2-3
Added Net: Name=TXD2
Added Class: Name=ET4207_ANDROID
Added Room: Name=ET4207_ANDROID
